#
# There is insufficient memory for the Java Runtime Environment to continue.
# Native memory allocation (malloc) failed to allocate 1774896 bytes for Chunk::new
# Possible reasons:
#   The system is out of physical RAM or swap space
#   The process is running with CompressedOops enabled, and the Java Heap may be blocking the growth of the native heap
# Possible solutions:
#   Reduce memory load on the system
#   Increase physical memory or swap space
#   Check if swap backing store is full
#   Decrease Java heap size (-Xmx/-Xms)
#   Decrease number of Java threads
#   Decrease Java thread stack sizes (-Xss)
#   Set larger code cache with -XX:ReservedCodeCacheSize=
#   JVM is running with Zero Based Compressed Oops mode in which the Java heap is
#     placed in the first 32GB address space. The Java Heap base address is the
#     maximum limit for the native heap growth. Please use -XX:HeapBaseMinAddress
#     to set the Java Heap base and to place the Java Heap above 32GB virtual address.
# This output file may be truncated or incomplete.
#
#  Out of Memory Error (src/hotspot/share/memory/arena.cpp:197), pid=4092, tid=8080
#
# JRE version: OpenJDK Runtime Environment (11.0.15) (build 11.0.15+0-b2043.56-9505619)
# Java VM: OpenJDK 64-Bit Server VM (11.0.15+0-b2043.56-9505619, mixed mode, tiered, compressed oops, g1 gc, windows-amd64)
# No core dump will be written. Minidumps are not enabled by default on client versions of Windows
#

---------------  S U M M A R Y ------------

Command Line: org.jetbrains.kotlin.cli.jvm.K2JVMCompiler @C:\Users\anton\AndroidStudioProjects\CurrentWeather\app\build\20231016_15099950138683257612.compiler.options

Host: Intel(R) Core(TM) i7-7700HQ CPU @ 2.80GHz, 8 cores, 15G,  Windows 10 , 64 bit Build 19041 (10.0.19041.3570)
Time: Mon Oct 16 22:55:11 2023 Romance Daylight Time elapsed time: 19.278304 seconds (0d 0h 0m 19s)

---------------  T H R E A D  ---------------

Current thread (0x000001e33c000800):  JavaThread "C2 CompilerThread0" daemon [_thread_in_native, id=8080, stack(0x0000009403100000,0x0000009403200000)]


Current CompileTask:
C2:  19278 16290       4       org.jetbrains.kotlin.ir.descriptors.IrBasedDeclarationDescriptor::getContainingDeclaration (8 bytes)

Stack: [0x0000009403100000,0x0000009403200000]
Native frames: (J=compiled Java code, j=interpreted, Vv=VM code, C=native code)
V  [jvm.dll+0x64135a]
V  [jvm.dll+0x7d39f9]
V  [jvm.dll+0x7d51b9]
V  [jvm.dll+0x7d58a3]
V  [jvm.dll+0x2691c5]
V  [jvm.dll+0xc1a5c]
V  [jvm.dll+0xc200c]
V  [jvm.dll+0x377462]
V  [jvm.dll+0x342495]
V  [jvm.dll+0x34186a]
V  [jvm.dll+0x2214bd]
V  [jvm.dll+0x220498]
V  [jvm.dll+0x19e851]
V  [jvm.dll+0x230479]
V  [jvm.dll+0x22e5ef]
V  [jvm.dll+0x794de1]
V  [jvm.dll+0x78dc24]
V  [jvm.dll+0x6400f6]
C  [ucrtbase.dll+0x21bb2]
C  [KERNEL32.DLL+0x17344]
C  [ntdll.dll+0x526b1]


---------------  P R O C E S S  ---------------

Threads class SMR info:
_java_thread_list=0x000001e33f80d7c0, length=12, elements={
0x000001e31c63e800, 0x000001e33b6e6800, 0x000001e33b6e7800, 0x000001e33b70a800,
0x000001e33b70d000, 0x000001e33b70e000, 0x000001e33c000800, 0x000001e33c004000,
0x000001e33c041000, 0x000001e33c19a000, 0x000001e33f89e000, 0x000001e3416a4000
}

Java Threads: ( => current thread )
  0x000001e31c63e800 JavaThread "main" [_thread_in_vm, id=8020, stack(0x0000009402500000,0x0000009402600000)]
  0x000001e33b6e6800 JavaThread "Reference Handler" daemon [_thread_blocked, id=13612, stack(0x0000009402c00000,0x0000009402d00000)]
  0x000001e33b6e7800 JavaThread "Finalizer" daemon [_thread_blocked, id=12532, stack(0x0000009402d00000,0x0000009402e00000)]
  0x000001e33b70a800 JavaThread "Signal Dispatcher" daemon [_thread_blocked, id=8944, stack(0x0000009402e00000,0x0000009402f00000)]
  0x000001e33b70d000 JavaThread "Attach Listener" daemon [_thread_blocked, id=4172, stack(0x0000009402f00000,0x0000009403000000)]
  0x000001e33b70e000 JavaThread "Service Thread" daemon [_thread_blocked, id=4488, stack(0x0000009403000000,0x0000009403100000)]
=>0x000001e33c000800 JavaThread "C2 CompilerThread0" daemon [_thread_in_native, id=8080, stack(0x0000009403100000,0x0000009403200000)]
  0x000001e33c004000 JavaThread "C1 CompilerThread0" daemon [_thread_in_native, id=2860, stack(0x0000009403200000,0x0000009403300000)]
  0x000001e33c041000 JavaThread "Sweeper thread" daemon [_thread_blocked, id=3956, stack(0x0000009403300000,0x0000009403400000)]
  0x000001e33c19a000 JavaThread "Common-Cleaner" daemon [_thread_blocked, id=2756, stack(0x0000009403500000,0x0000009403600000)]
  0x000001e33f89e000 JavaThread "C2 CompilerThread1" daemon [_thread_in_native, id=1016, stack(0x0000009403600000,0x0000009403700000)]
  0x000001e3416a4000 JavaThread "C2 CompilerThread2" daemon [_thread_in_native, id=12656, stack(0x0000009403700000,0x0000009403800000)]

Other Threads:
  0x000001e33b6e4000 VMThread "VM Thread" [stack: 0x0000009402b00000,0x0000009402c00000] [id=10472]
  0x000001e33c1a3000 WatcherThread [stack: 0x0000009403400000,0x0000009403500000] [id=12440]
  0x000001e31c655800 GCTaskThread "GC Thread#0" [stack: 0x0000009402600000,0x0000009402700000] [id=14232]
  0x000001e33cb48800 GCTaskThread "GC Thread#1" [stack: 0x0000009403800000,0x0000009403900000] [id=11656]
  0x000001e33c64c800 GCTaskThread "GC Thread#2" [stack: 0x0000009403900000,0x0000009403a00000] [id=13712]
  0x000001e33caea800 GCTaskThread "GC Thread#3" [stack: 0x0000009403a00000,0x0000009403b00000] [id=6972]
  0x000001e33caeb800 GCTaskThread "GC Thread#4" [stack: 0x0000009403b00000,0x0000009403c00000] [id=11704]
  0x000001e33c8eb800 GCTaskThread "GC Thread#5" [stack: 0x0000009403c00000,0x0000009403d00000] [id=3960]
  0x000001e33d0cc000 GCTaskThread "GC Thread#6" [stack: 0x0000009404100000,0x0000009404200000] [id=8576]
  0x000001e31c6b2800 ConcurrentGCThread "G1 Main Marker" [stack: 0x0000009402700000,0x0000009402800000] [id=11020]
  0x000001e31c6b6000 ConcurrentGCThread "G1 Conc#0" [stack: 0x0000009402800000,0x0000009402900000] [id=13720]
  0x000001e33c903000 ConcurrentGCThread "G1 Conc#1" [stack: 0x0000009403d00000,0x0000009403e00000] [id=8164]
  0x000001e33b5c9000 ConcurrentGCThread "G1 Refine#0" [stack: 0x0000009402900000,0x0000009402a00000] [id=11280]
  0x000001e33df7a000 ConcurrentGCThread "G1 Refine#1" [stack: 0x0000009403e00000,0x0000009403f00000] [id=11260]
  0x000001e33dd1a800 ConcurrentGCThread "G1 Refine#2" [stack: 0x0000009403f00000,0x0000009404000000] [id=14300]
  0x000001e33d127000 ConcurrentGCThread "G1 Refine#3" [stack: 0x0000009404000000,0x0000009404100000] [id=584]
  0x000001e33b5ca000 ConcurrentGCThread "G1 Young RemSet Sampling" [stack: 0x0000009402a00000,0x0000009402b00000] [id=3996]

Threads with active compile tasks:
C2 CompilerThread0    19326 16290       4       org.jetbrains.kotlin.ir.descriptors.IrBasedDeclarationDescriptor::getContainingDeclaration (8 bytes)
C1 CompilerThread0    19326 16401       3       java.lang.invoke.DirectMethodHandle::make (21 bytes)
C2 CompilerThread1    19326 16212       4       androidx.compose.compiler.plugins.kotlin.lower.ComposableTargetAnnotationsTransformer::visitCall (726 bytes)
C2 CompilerThread2    19326 16291       4       org.jetbrains.kotlin.ir.descriptors.IrBasedDescriptorsKt::getContainingDeclaration (91 bytes)

VM state:not at safepoint (normal execution)

VM Mutex/Monitor currently owned by a thread: None

Heap address: 0x0000000702000000, size: 4064 MB, Compressed Oops mode: Zero based, Oop shift amount: 3
Narrow klass base: 0x0000000800000000, Narrow klass shift: 0
Compressed class space size: 1073741824 Address: 0x0000000800000000

Heap:
 garbage-first heap   total 379904K, used 154542K [0x0000000702000000, 0x0000000800000000)
  region size 1024K, 29 young (29696K), 16 survivors (16384K)
 Metaspace       used 81447K, capacity 82511K, committed 82772K, reserved 1124352K
  class space    used 8669K, capacity 9070K, committed 9088K, reserved 1048576K
Heap Regions: E=young(eden), S=young(survivor), O=old, HS=humongous(starts), HC=humongous(continues), CS=collection set, F=free, A=archive, TAMS=top-at-mark-start (previous, next)
|   0|0x0000000702000000, 0x0000000702100000, 0x0000000702100000|100%|HS|  |TAMS 0x0000000702100000, 0x0000000702000000| Complete 
|   1|0x0000000702100000, 0x0000000702200000, 0x0000000702200000|100%|HC|  |TAMS 0x0000000702200000, 0x0000000702100000| Complete 
|   2|0x0000000702200000, 0x0000000702300000, 0x0000000702300000|100%|HC|  |TAMS 0x0000000702300000, 0x0000000702200000| Complete 
|   3|0x0000000702300000, 0x0000000702400000, 0x0000000702400000|100%| O|  |TAMS 0x0000000702400000, 0x0000000702300000| Untracked 
|   4|0x0000000702400000, 0x0000000702500000, 0x0000000702500000|100%| O|  |TAMS 0x0000000702500000, 0x0000000702400000| Untracked 
|   5|0x0000000702500000, 0x0000000702600000, 0x0000000702600000|100%|HS|  |TAMS 0x0000000702600000, 0x0000000702500000| Complete 
|   6|0x0000000702600000, 0x0000000702700000, 0x0000000702700000|100%|HC|  |TAMS 0x0000000702700000, 0x0000000702600000| Complete 
|   7|0x0000000702700000, 0x0000000702800000, 0x0000000702800000|100%|HC|  |TAMS 0x0000000702800000, 0x0000000702700000| Complete 
|   8|0x0000000702800000, 0x0000000702900000, 0x0000000702900000|100%| O|  |TAMS 0x0000000702900000, 0x0000000702800000| Untracked 
|   9|0x0000000702900000, 0x0000000702a00000, 0x0000000702a00000|100%| O|  |TAMS 0x0000000702a00000, 0x0000000702900000| Untracked 
|  10|0x0000000702a00000, 0x0000000702b00000, 0x0000000702b00000|100%| O|  |TAMS 0x0000000702b00000, 0x0000000702a00000| Untracked 
|  11|0x0000000702b00000, 0x0000000702c00000, 0x0000000702c00000|100%| O|  |TAMS 0x0000000702c00000, 0x0000000702b00000| Untracked 
|  12|0x0000000702c00000, 0x0000000702d00000, 0x0000000702d00000|100%| O|  |TAMS 0x0000000702d00000, 0x0000000702c00000| Untracked 
|  13|0x0000000702d00000, 0x0000000702e00000, 0x0000000702e00000|100%| O|  |TAMS 0x0000000702e00000, 0x0000000702d00000| Untracked 
|  14|0x0000000702e00000, 0x0000000702f00000, 0x0000000702f00000|100%| O|  |TAMS 0x0000000702f00000, 0x0000000702e00000| Untracked 
|  15|0x0000000702f00000, 0x0000000703000000, 0x0000000703000000|100%| O|  |TAMS 0x0000000703000000, 0x0000000702f00000| Untracked 
|  16|0x0000000703000000, 0x0000000703100000, 0x0000000703100000|100%| O|  |TAMS 0x0000000703100000, 0x0000000703000000| Untracked 
|  17|0x0000000703100000, 0x0000000703200000, 0x0000000703200000|100%| O|  |TAMS 0x0000000703200000, 0x0000000703100000| Untracked 
|  18|0x0000000703200000, 0x0000000703300000, 0x0000000703300000|100%| O|  |TAMS 0x0000000703300000, 0x0000000703200000| Untracked 
|  19|0x0000000703300000, 0x0000000703400000, 0x0000000703400000|100%| O|  |TAMS 0x0000000703400000, 0x0000000703300000| Untracked 
|  20|0x0000000703400000, 0x0000000703500000, 0x0000000703500000|100%| O|  |TAMS 0x0000000703500000, 0x0000000703400000| Untracked 
|  21|0x0000000703500000, 0x0000000703600000, 0x0000000703600000|100%| O|  |TAMS 0x0000000703600000, 0x0000000703500000| Untracked 
|  22|0x0000000703600000, 0x0000000703700000, 0x0000000703700000|100%|HS|  |TAMS 0x0000000703700000, 0x0000000703600000| Complete 
|  23|0x0000000703700000, 0x0000000703800000, 0x0000000703800000|100%|HC|  |TAMS 0x0000000703800000, 0x0000000703700000| Complete 
|  24|0x0000000703800000, 0x0000000703900000, 0x0000000703900000|100%| O|  |TAMS 0x0000000703900000, 0x0000000703800000| Untracked 
|  25|0x0000000703900000, 0x0000000703a00000, 0x0000000703a00000|100%| O|  |TAMS 0x0000000703a00000, 0x0000000703900000| Untracked 
|  26|0x0000000703a00000, 0x0000000703b00000, 0x0000000703b00000|100%| O|  |TAMS 0x0000000703b00000, 0x0000000703a00000| Untracked 
|  27|0x0000000703b00000, 0x0000000703c00000, 0x0000000703c00000|100%| O|  |TAMS 0x0000000703c00000, 0x0000000703b00000| Untracked 
|  28|0x0000000703c00000, 0x0000000703d00000, 0x0000000703d00000|100%| O|  |TAMS 0x0000000703d00000, 0x0000000703c00000| Untracked 
|  29|0x0000000703d00000, 0x0000000703e00000, 0x0000000703e00000|100%| O|  |TAMS 0x0000000703e00000, 0x0000000703d00000| Untracked 
|  30|0x0000000703e00000, 0x0000000703f00000, 0x0000000703f00000|100%| O|  |TAMS 0x0000000703f00000, 0x0000000703e00000| Untracked 
|  31|0x0000000703f00000, 0x0000000704000000, 0x0000000704000000|100%| O|  |TAMS 0x0000000704000000, 0x0000000703f00000| Untracked 
|  32|0x0000000704000000, 0x0000000704100000, 0x0000000704100000|100%| O|  |TAMS 0x0000000704100000, 0x0000000704000000| Untracked 
|  33|0x0000000704100000, 0x0000000704200000, 0x0000000704200000|100%| O|  |TAMS 0x0000000704200000, 0x0000000704100000| Untracked 
|  34|0x0000000704200000, 0x0000000704300000, 0x0000000704300000|100%| O|  |TAMS 0x0000000704300000, 0x0000000704200000| Untracked 
|  35|0x0000000704300000, 0x0000000704400000, 0x0000000704400000|100%| O|  |TAMS 0x0000000704400000, 0x0000000704300000| Untracked 
|  36|0x0000000704400000, 0x0000000704500000, 0x0000000704500000|100%| O|  |TAMS 0x0000000704500000, 0x0000000704400000| Untracked 
|  37|0x0000000704500000, 0x0000000704600000, 0x0000000704600000|100%| O|  |TAMS 0x0000000704600000, 0x0000000704500000| Untracked 
|  38|0x0000000704600000, 0x0000000704700000, 0x0000000704700000|100%| O|  |TAMS 0x0000000704700000, 0x0000000704600000| Untracked 
|  39|0x0000000704700000, 0x0000000704800000, 0x0000000704800000|100%| O|  |TAMS 0x0000000704800000, 0x0000000704700000| Untracked 
|  40|0x0000000704800000, 0x0000000704900000, 0x0000000704900000|100%| O|  |TAMS 0x0000000704900000, 0x0000000704800000| Untracked 
|  41|0x0000000704900000, 0x0000000704a00000, 0x0000000704a00000|100%| O|  |TAMS 0x0000000704a00000, 0x0000000704900000| Untracked 
|  42|0x0000000704a00000, 0x0000000704b00000, 0x0000000704b00000|100%| O|  |TAMS 0x0000000704b00000, 0x0000000704a00000| Untracked 
|  43|0x0000000704b00000, 0x0000000704c00000, 0x0000000704c00000|100%| O|  |TAMS 0x0000000704c00000, 0x0000000704b00000| Untracked 
|  44|0x0000000704c00000, 0x0000000704d00000, 0x0000000704d00000|100%| O|  |TAMS 0x0000000704d00000, 0x0000000704c00000| Untracked 
|  45|0x0000000704d00000, 0x0000000704e00000, 0x0000000704e00000|100%| O|  |TAMS 0x0000000704e00000, 0x0000000704d00000| Untracked 
|  46|0x0000000704e00000, 0x0000000704f00000, 0x0000000704f00000|100%| O|  |TAMS 0x0000000704f00000, 0x0000000704e00000| Untracked 
|  47|0x0000000704f00000, 0x0000000705000000, 0x0000000705000000|100%| O|  |TAMS 0x0000000705000000, 0x0000000704f00000| Untracked 
|  48|0x0000000705000000, 0x0000000705100000, 0x0000000705100000|100%|HS|  |TAMS 0x0000000705000000, 0x0000000705000000| Complete 
|  49|0x0000000705100000, 0x0000000705200000, 0x0000000705200000|100%|HC|  |TAMS 0x0000000705100000, 0x0000000705100000| Complete 
|  50|0x0000000705200000, 0x0000000705300000, 0x0000000705300000|100%| O|  |TAMS 0x0000000705200000, 0x0000000705200000| Untracked 
|  51|0x0000000705300000, 0x0000000705400000, 0x0000000705400000|100%| O|  |TAMS 0x0000000705300000, 0x0000000705300000| Untracked 
|  52|0x0000000705400000, 0x0000000705500000, 0x0000000705500000|100%| O|  |TAMS 0x0000000705400000, 0x0000000705400000| Untracked 
|  53|0x0000000705500000, 0x0000000705600000, 0x0000000705600000|100%| O|  |TAMS 0x0000000705500000, 0x0000000705500000| Untracked 
|  54|0x0000000705600000, 0x0000000705700000, 0x0000000705700000|100%| O|  |TAMS 0x0000000705600000, 0x0000000705600000| Untracked 
|  55|0x0000000705700000, 0x0000000705800000, 0x0000000705800000|100%| O|  |TAMS 0x0000000705700000, 0x0000000705700000| Untracked 
|  56|0x0000000705800000, 0x0000000705900000, 0x0000000705900000|100%| O|  |TAMS 0x0000000705800000, 0x0000000705800000| Untracked 
|  57|0x0000000705900000, 0x0000000705a00000, 0x0000000705a00000|100%| O|  |TAMS 0x0000000705900000, 0x0000000705900000| Untracked 
|  58|0x0000000705a00000, 0x0000000705b00000, 0x0000000705b00000|100%| O|  |TAMS 0x0000000705a00000, 0x0000000705a00000| Untracked 
|  59|0x0000000705b00000, 0x0000000705c00000, 0x0000000705c00000|100%| O|  |TAMS 0x0000000705b00000, 0x0000000705b00000| Untracked 
|  60|0x0000000705c00000, 0x0000000705d00000, 0x0000000705d00000|100%| O|  |TAMS 0x0000000705c00000, 0x0000000705c00000| Untracked 
|  61|0x0000000705d00000, 0x0000000705e00000, 0x0000000705e00000|100%| O|  |TAMS 0x0000000705d00000, 0x0000000705d00000| Untracked 
|  62|0x0000000705e00000, 0x0000000705f00000, 0x0000000705f00000|100%| O|  |TAMS 0x0000000705e00000, 0x0000000705e00000| Untracked 
|  63|0x0000000705f00000, 0x0000000706000000, 0x0000000706000000|100%| O|  |TAMS 0x0000000705f00000, 0x0000000705f00000| Untracked 
|  64|0x0000000706000000, 0x0000000706100000, 0x0000000706100000|100%| O|  |TAMS 0x0000000706000000, 0x0000000706000000| Untracked 
|  65|0x0000000706100000, 0x0000000706200000, 0x0000000706200000|100%| O|  |TAMS 0x0000000706100000, 0x0000000706100000| Untracked 
|  66|0x0000000706200000, 0x0000000706300000, 0x0000000706300000|100%| O|  |TAMS 0x0000000706200000, 0x0000000706200000| Untracked 
|  67|0x0000000706300000, 0x0000000706400000, 0x0000000706400000|100%| O|  |TAMS 0x0000000706300000, 0x0000000706300000| Untracked 
|  68|0x0000000706400000, 0x0000000706500000, 0x0000000706500000|100%| O|  |TAMS 0x0000000706400000, 0x0000000706400000| Untracked 
|  69|0x0000000706500000, 0x0000000706600000, 0x0000000706600000|100%| O|  |TAMS 0x0000000706500000, 0x0000000706500000| Untracked 
|  70|0x0000000706600000, 0x0000000706700000, 0x0000000706700000|100%| O|  |TAMS 0x0000000706600000, 0x0000000706600000| Untracked 
|  71|0x0000000706700000, 0x0000000706800000, 0x0000000706800000|100%| O|  |TAMS 0x0000000706700000, 0x0000000706700000| Untracked 
|  72|0x0000000706800000, 0x0000000706900000, 0x0000000706900000|100%| O|  |TAMS 0x0000000706800000, 0x0000000706800000| Untracked 
|  73|0x0000000706900000, 0x0000000706a00000, 0x0000000706a00000|100%| O|  |TAMS 0x0000000706900000, 0x0000000706900000| Untracked 
|  74|0x0000000706a00000, 0x0000000706b00000, 0x0000000706b00000|100%| O|  |TAMS 0x0000000706a00000, 0x0000000706a00000| Untracked 
|  75|0x0000000706b00000, 0x0000000706c00000, 0x0000000706c00000|100%| O|  |TAMS 0x0000000706b00000, 0x0000000706b00000| Untracked 
|  76|0x0000000706c00000, 0x0000000706d00000, 0x0000000706d00000|100%| O|  |TAMS 0x0000000706c00000, 0x0000000706c00000| Untracked 
|  77|0x0000000706d00000, 0x0000000706e00000, 0x0000000706e00000|100%| O|  |TAMS 0x0000000706d00000, 0x0000000706d00000| Untracked 
|  78|0x0000000706e00000, 0x0000000706f00000, 0x0000000706f00000|100%| O|  |TAMS 0x0000000706e00000, 0x0000000706e00000| Untracked 
|  79|0x0000000706f00000, 0x0000000707000000, 0x0000000707000000|100%| O|  |TAMS 0x0000000706f00000, 0x0000000706f00000| Untracked 
|  80|0x0000000707000000, 0x0000000707100000, 0x0000000707100000|100%| O|  |TAMS 0x0000000707000000, 0x0000000707000000| Untracked 
|  81|0x0000000707100000, 0x0000000707200000, 0x0000000707200000|100%| O|  |TAMS 0x0000000707100000, 0x0000000707100000| Untracked 
|  82|0x0000000707200000, 0x0000000707300000, 0x0000000707300000|100%| O|  |TAMS 0x0000000707200000, 0x0000000707200000| Untracked 
|  83|0x0000000707300000, 0x0000000707400000, 0x0000000707400000|100%| O|  |TAMS 0x0000000707300000, 0x0000000707300000| Untracked 
|  84|0x0000000707400000, 0x0000000707500000, 0x0000000707500000|100%| O|  |TAMS 0x0000000707400000, 0x0000000707400000| Untracked 
|  85|0x0000000707500000, 0x0000000707600000, 0x0000000707600000|100%| O|  |TAMS 0x0000000707500000, 0x0000000707500000| Untracked 
|  86|0x0000000707600000, 0x0000000707700000, 0x0000000707700000|100%| O|  |TAMS 0x0000000707600000, 0x0000000707600000| Untracked 
|  87|0x0000000707700000, 0x0000000707800000, 0x0000000707800000|100%| O|  |TAMS 0x0000000707700000, 0x0000000707700000| Untracked 
|  88|0x0000000707800000, 0x0000000707900000, 0x0000000707900000|100%| O|  |TAMS 0x0000000707800000, 0x0000000707800000| Untracked 
|  89|0x0000000707900000, 0x0000000707a00000, 0x0000000707a00000|100%| O|  |TAMS 0x0000000707900000, 0x0000000707900000| Untracked 
|  90|0x0000000707a00000, 0x0000000707b00000, 0x0000000707b00000|100%| O|  |TAMS 0x0000000707a00000, 0x0000000707a00000| Untracked 
|  91|0x0000000707b00000, 0x0000000707c00000, 0x0000000707c00000|100%| O|  |TAMS 0x0000000707b00000, 0x0000000707b00000| Untracked 
|  92|0x0000000707c00000, 0x0000000707d00000, 0x0000000707d00000|100%| O|  |TAMS 0x0000000707c00000, 0x0000000707c00000| Untracked 
|  93|0x0000000707d00000, 0x0000000707e00000, 0x0000000707e00000|100%| O|  |TAMS 0x0000000707d00000, 0x0000000707d00000| Untracked 
|  94|0x0000000707e00000, 0x0000000707f00000, 0x0000000707f00000|100%| O|  |TAMS 0x0000000707e00000, 0x0000000707e00000| Untracked 
|  95|0x0000000707f00000, 0x0000000708000000, 0x0000000708000000|100%| O|  |TAMS 0x0000000707f00000, 0x0000000707f00000| Untracked 
|  96|0x0000000708000000, 0x0000000708100000, 0x0000000708100000|100%| O|  |TAMS 0x0000000708000000, 0x0000000708000000| Untracked 
|  97|0x0000000708100000, 0x0000000708200000, 0x0000000708200000|100%| O|  |TAMS 0x0000000708100000, 0x0000000708100000| Untracked 
|  98|0x0000000708200000, 0x0000000708300000, 0x0000000708300000|100%| O|  |TAMS 0x0000000708200000, 0x0000000708200000| Untracked 
|  99|0x0000000708300000, 0x0000000708400000, 0x0000000708400000|100%| O|  |TAMS 0x0000000708300000, 0x0000000708300000| Untracked 
| 100|0x0000000708400000, 0x0000000708500000, 0x0000000708500000|100%| O|  |TAMS 0x0000000708400000, 0x0000000708400000| Untracked 
| 101|0x0000000708500000, 0x0000000708600000, 0x0000000708600000|100%| O|  |TAMS 0x0000000708500000, 0x0000000708500000| Untracked 
| 102|0x0000000708600000, 0x0000000708700000, 0x0000000708700000|100%| O|  |TAMS 0x0000000708600000, 0x0000000708600000| Untracked 
| 103|0x0000000708700000, 0x0000000708800000, 0x0000000708800000|100%| O|  |TAMS 0x0000000708700000, 0x0000000708700000| Untracked 
| 104|0x0000000708800000, 0x0000000708900000, 0x0000000708900000|100%| O|  |TAMS 0x0000000708800000, 0x0000000708800000| Untracked 
| 105|0x0000000708900000, 0x0000000708a00000, 0x0000000708a00000|100%| O|  |TAMS 0x0000000708900000, 0x0000000708900000| Untracked 
| 106|0x0000000708a00000, 0x0000000708b00000, 0x0000000708b00000|100%| O|  |TAMS 0x0000000708a00000, 0x0000000708a00000| Untracked 
| 107|0x0000000708b00000, 0x0000000708c00000, 0x0000000708c00000|100%| O|  |TAMS 0x0000000708b00000, 0x0000000708b00000| Untracked 
| 108|0x0000000708c00000, 0x0000000708d00000, 0x0000000708d00000|100%| O|  |TAMS 0x0000000708c00000, 0x0000000708c00000| Untracked 
| 109|0x0000000708d00000, 0x0000000708e00000, 0x0000000708e00000|100%| O|  |TAMS 0x0000000708d00000, 0x0000000708d00000| Untracked 
| 110|0x0000000708e00000, 0x0000000708f00000, 0x0000000708f00000|100%| O|  |TAMS 0x0000000708e00000, 0x0000000708e00000| Untracked 
| 111|0x0000000708f00000, 0x0000000709000000, 0x0000000709000000|100%| O|  |TAMS 0x0000000708f00000, 0x0000000708f00000| Untracked 
| 112|0x0000000709000000, 0x0000000709100000, 0x0000000709100000|100%| O|  |TAMS 0x0000000709000000, 0x0000000709000000| Untracked 
| 113|0x0000000709100000, 0x0000000709200000, 0x0000000709200000|100%| O|  |TAMS 0x0000000709100000, 0x0000000709100000| Untracked 
| 114|0x0000000709200000, 0x0000000709300000, 0x0000000709300000|100%| O|  |TAMS 0x0000000709200000, 0x0000000709200000| Untracked 
| 115|0x0000000709300000, 0x0000000709400000, 0x0000000709400000|100%| O|  |TAMS 0x0000000709300000, 0x0000000709300000| Untracked 
| 116|0x0000000709400000, 0x0000000709500000, 0x0000000709500000|100%| O|  |TAMS 0x0000000709400000, 0x0000000709400000| Untracked 
| 117|0x0000000709500000, 0x0000000709600000, 0x0000000709600000|100%| O|  |TAMS 0x0000000709500000, 0x0000000709500000| Untracked 
| 118|0x0000000709600000, 0x0000000709700000, 0x0000000709700000|100%| O|  |TAMS 0x0000000709600000, 0x0000000709600000| Untracked 
| 119|0x0000000709700000, 0x0000000709800000, 0x0000000709800000|100%| O|  |TAMS 0x0000000709700000, 0x0000000709700000| Untracked 
| 120|0x0000000709800000, 0x0000000709900000, 0x0000000709900000|100%| O|  |TAMS 0x0000000709800000, 0x0000000709800000| Untracked 
| 121|0x0000000709900000, 0x0000000709a00000, 0x0000000709a00000|100%| O|  |TAMS 0x0000000709900000, 0x0000000709900000| Untracked 
| 122|0x0000000709a00000, 0x0000000709aeba00, 0x0000000709b00000| 92%| O|  |TAMS 0x0000000709a00000, 0x0000000709a00000| Untracked 
| 123|0x0000000709b00000, 0x0000000709b00000, 0x0000000709c00000|  0%| F|  |TAMS 0x0000000709b00000, 0x0000000709b00000| Untracked 
| 124|0x0000000709c00000, 0x0000000709c00000, 0x0000000709d00000|  0%| F|  |TAMS 0x0000000709c00000, 0x0000000709c00000| Untracked 
| 125|0x0000000709d00000, 0x0000000709d00000, 0x0000000709e00000|  0%| F|  |TAMS 0x0000000709d00000, 0x0000000709d00000| Untracked 
| 126|0x0000000709e00000, 0x0000000709e00000, 0x0000000709f00000|  0%| F|  |TAMS 0x0000000709e00000, 0x0000000709e00000| Untracked 
| 127|0x0000000709f00000, 0x0000000709f00000, 0x000000070a000000|  0%| F|  |TAMS 0x0000000709f00000, 0x0000000709f00000| Untracked 
| 128|0x000000070a000000, 0x000000070a000000, 0x000000070a100000|  0%| F|  |TAMS 0x000000070a000000, 0x000000070a000000| Untracked 
| 129|0x000000070a100000, 0x000000070a100000, 0x000000070a200000|  0%| F|  |TAMS 0x000000070a100000, 0x000000070a100000| Untracked 
| 130|0x000000070a200000, 0x000000070a200000, 0x000000070a300000|  0%| F|  |TAMS 0x000000070a200000, 0x000000070a200000| Untracked 
| 131|0x000000070a300000, 0x000000070a300000, 0x000000070a400000|  0%| F|  |TAMS 0x000000070a300000, 0x000000070a300000| Untracked 
| 132|0x000000070a400000, 0x000000070a400000, 0x000000070a500000|  0%| F|  |TAMS 0x000000070a400000, 0x000000070a400000| Untracked 
| 133|0x000000070a500000, 0x000000070a500000, 0x000000070a600000|  0%| F|  |TAMS 0x000000070a500000, 0x000000070a500000| Untracked 
| 134|0x000000070a600000, 0x000000070a600000, 0x000000070a700000|  0%| F|  |TAMS 0x000000070a600000, 0x000000070a600000| Untracked 
| 135|0x000000070a700000, 0x000000070a700000, 0x000000070a800000|  0%| F|  |TAMS 0x000000070a700000, 0x000000070a700000| Untracked 
| 136|0x000000070a800000, 0x000000070a800000, 0x000000070a900000|  0%| F|  |TAMS 0x000000070a800000, 0x000000070a800000| Untracked 
| 137|0x000000070a900000, 0x000000070a900000, 0x000000070aa00000|  0%| F|  |TAMS 0x000000070a900000, 0x000000070a900000| Untracked 
| 138|0x000000070aa00000, 0x000000070aa00000, 0x000000070ab00000|  0%| F|  |TAMS 0x000000070aa00000, 0x000000070aa00000| Untracked 
| 139|0x000000070ab00000, 0x000000070ab00000, 0x000000070ac00000|  0%| F|  |TAMS 0x000000070ab00000, 0x000000070ab00000| Untracked 
| 140|0x000000070ac00000, 0x000000070ac00000, 0x000000070ad00000|  0%| F|  |TAMS 0x000000070ac00000, 0x000000070ac00000| Untracked 
| 141|0x000000070ad00000, 0x000000070ad00000, 0x000000070ae00000|  0%| F|  |TAMS 0x000000070ad00000, 0x000000070ad00000| Untracked 
| 142|0x000000070ae00000, 0x000000070ae00000, 0x000000070af00000|  0%| F|  |TAMS 0x000000070ae00000, 0x000000070ae00000| Untracked 
| 143|0x000000070af00000, 0x000000070af00000, 0x000000070b000000|  0%| F|  |TAMS 0x000000070af00000, 0x000000070af00000| Untracked 
| 144|0x000000070b000000, 0x000000070b000000, 0x000000070b100000|  0%| F|  |TAMS 0x000000070b000000, 0x000000070b000000| Untracked 
| 145|0x000000070b100000, 0x000000070b100000, 0x000000070b200000|  0%| F|  |TAMS 0x000000070b100000, 0x000000070b100000| Untracked 
| 146|0x000000070b200000, 0x000000070b200000, 0x000000070b300000|  0%| F|  |TAMS 0x000000070b200000, 0x000000070b200000| Untracked 
| 147|0x000000070b300000, 0x000000070b300000, 0x000000070b400000|  0%| F|  |TAMS 0x000000070b300000, 0x000000070b300000| Untracked 
| 148|0x000000070b400000, 0x000000070b400000, 0x000000070b500000|  0%| F|  |TAMS 0x000000070b400000, 0x000000070b400000| Untracked 
| 149|0x000000070b500000, 0x000000070b500000, 0x000000070b600000|  0%| F|  |TAMS 0x000000070b500000, 0x000000070b500000| Untracked 
| 150|0x000000070b600000, 0x000000070b600000, 0x000000070b700000|  0%| F|  |TAMS 0x000000070b600000, 0x000000070b600000| Untracked 
| 151|0x000000070b700000, 0x000000070b700000, 0x000000070b800000|  0%| F|  |TAMS 0x000000070b700000, 0x000000070b700000| Untracked 
| 152|0x000000070b800000, 0x000000070b800000, 0x000000070b900000|  0%| F|  |TAMS 0x000000070b800000, 0x000000070b800000| Untracked 
| 153|0x000000070b900000, 0x000000070b900000, 0x000000070ba00000|  0%| F|  |TAMS 0x000000070b900000, 0x000000070b900000| Untracked 
| 154|0x000000070ba00000, 0x000000070ba00000, 0x000000070bb00000|  0%| F|  |TAMS 0x000000070ba00000, 0x000000070ba00000| Untracked 
| 155|0x000000070bb00000, 0x000000070bb00000, 0x000000070bc00000|  0%| F|  |TAMS 0x000000070bb00000, 0x000000070bb00000| Untracked 
| 156|0x000000070bc00000, 0x000000070bc00000, 0x000000070bd00000|  0%| F|  |TAMS 0x000000070bc00000, 0x000000070bc00000| Untracked 
| 157|0x000000070bd00000, 0x000000070bd00000, 0x000000070be00000|  0%| F|  |TAMS 0x000000070bd00000, 0x000000070bd00000| Untracked 
| 158|0x000000070be00000, 0x000000070be00000, 0x000000070bf00000|  0%| F|  |TAMS 0x000000070be00000, 0x000000070be00000| Untracked 
| 159|0x000000070bf00000, 0x000000070bf00000, 0x000000070c000000|  0%| F|  |TAMS 0x000000070bf00000, 0x000000070bf00000| Untracked 
| 160|0x000000070c000000, 0x000000070c000000, 0x000000070c100000|  0%| F|  |TAMS 0x000000070c000000, 0x000000070c000000| Untracked 
| 161|0x000000070c100000, 0x000000070c100000, 0x000000070c200000|  0%| F|  |TAMS 0x000000070c100000, 0x000000070c100000| Untracked 
| 162|0x000000070c200000, 0x000000070c200000, 0x000000070c300000|  0%| F|  |TAMS 0x000000070c200000, 0x000000070c200000| Untracked 
| 163|0x000000070c300000, 0x000000070c300000, 0x000000070c400000|  0%| F|  |TAMS 0x000000070c300000, 0x000000070c300000| Untracked 
| 164|0x000000070c400000, 0x000000070c400000, 0x000000070c500000|  0%| F|  |TAMS 0x000000070c400000, 0x000000070c400000| Untracked 
| 165|0x000000070c500000, 0x000000070c500000, 0x000000070c600000|  0%| F|  |TAMS 0x000000070c500000, 0x000000070c500000| Untracked 
| 166|0x000000070c600000, 0x000000070c600000, 0x000000070c700000|  0%| F|  |TAMS 0x000000070c600000, 0x000000070c600000| Untracked 
| 167|0x000000070c700000, 0x000000070c700000, 0x000000070c800000|  0%| F|  |TAMS 0x000000070c700000, 0x000000070c700000| Untracked 
| 168|0x000000070c800000, 0x000000070c800000, 0x000000070c900000|  0%| F|  |TAMS 0x000000070c800000, 0x000000070c800000| Untracked 
| 169|0x000000070c900000, 0x000000070c900000, 0x000000070ca00000|  0%| F|  |TAMS 0x000000070c900000, 0x000000070c900000| Untracked 
| 170|0x000000070ca00000, 0x000000070ca00000, 0x000000070cb00000|  0%| F|  |TAMS 0x000000070ca00000, 0x000000070ca00000| Untracked 
| 171|0x000000070cb00000, 0x000000070cb00000, 0x000000070cc00000|  0%| F|  |TAMS 0x000000070cb00000, 0x000000070cb00000| Untracked 
| 172|0x000000070cc00000, 0x000000070cc00000, 0x000000070cd00000|  0%| F|  |TAMS 0x000000070cc00000, 0x000000070cc00000| Untracked 
| 173|0x000000070cd00000, 0x000000070cd00000, 0x000000070ce00000|  0%| F|  |TAMS 0x000000070cd00000, 0x000000070cd00000| Untracked 
| 174|0x000000070ce00000, 0x000000070cf00000, 0x000000070cf00000|100%| S|CS|TAMS 0x000000070ce00000, 0x000000070ce00000| Complete 
| 175|0x000000070cf00000, 0x000000070d000000, 0x000000070d000000|100%| S|CS|TAMS 0x000000070cf00000, 0x000000070cf00000| Complete 
| 176|0x000000070d000000, 0x000000070d100000, 0x000000070d100000|100%| S|CS|TAMS 0x000000070d000000, 0x000000070d000000| Complete 
| 177|0x000000070d100000, 0x000000070d100000, 0x000000070d200000|  0%| F|  |TAMS 0x000000070d100000, 0x000000070d100000| Untracked 
| 178|0x000000070d200000, 0x000000070d200000, 0x000000070d300000|  0%| F|  |TAMS 0x000000070d200000, 0x000000070d200000| Untracked 
| 179|0x000000070d300000, 0x000000070d300000, 0x000000070d400000|  0%| F|  |TAMS 0x000000070d300000, 0x000000070d300000| Untracked 
| 180|0x000000070d400000, 0x000000070d400000, 0x000000070d500000|  0%| F|  |TAMS 0x000000070d400000, 0x000000070d400000| Untracked 
| 181|0x000000070d500000, 0x000000070d500000, 0x000000070d600000|  0%| F|  |TAMS 0x000000070d500000, 0x000000070d500000| Untracked 
| 182|0x000000070d600000, 0x000000070d600000, 0x000000070d700000|  0%| F|  |TAMS 0x000000070d600000, 0x000000070d600000| Untracked 
| 183|0x000000070d700000, 0x000000070d700000, 0x000000070d800000|  0%| F|  |TAMS 0x000000070d700000, 0x000000070d700000| Untracked 
| 184|0x000000070d800000, 0x000000070d800000, 0x000000070d900000|  0%| F|  |TAMS 0x000000070d800000, 0x000000070d800000| Untracked 
| 185|0x000000070d900000, 0x000000070da00000, 0x000000070da00000|100%| S|CS|TAMS 0x000000070d900000, 0x000000070d900000| Complete 
| 186|0x000000070da00000, 0x000000070db00000, 0x000000070db00000|100%| S|CS|TAMS 0x000000070da00000, 0x000000070da00000| Complete 
| 187|0x000000070db00000, 0x000000070dc00000, 0x000000070dc00000|100%| S|CS|TAMS 0x000000070db00000, 0x000000070db00000| Complete 
| 188|0x000000070dc00000, 0x000000070dd00000, 0x000000070dd00000|100%| S|CS|TAMS 0x000000070dc00000, 0x000000070dc00000| Complete 
| 189|0x000000070dd00000, 0x000000070de00000, 0x000000070de00000|100%| S|CS|TAMS 0x000000070dd00000, 0x000000070dd00000| Complete 
| 190|0x000000070de00000, 0x000000070df00000, 0x000000070df00000|100%| S|CS|TAMS 0x000000070de00000, 0x000000070de00000| Complete 
| 191|0x000000070df00000, 0x000000070e000000, 0x000000070e000000|100%| S|CS|TAMS 0x000000070df00000, 0x000000070df00000| Complete 
| 192|0x000000070e000000, 0x000000070e100000, 0x000000070e100000|100%| S|CS|TAMS 0x000000070e000000, 0x000000070e000000| Complete 
| 193|0x000000070e100000, 0x000000070e200000, 0x000000070e200000|100%| S|CS|TAMS 0x000000070e100000, 0x000000070e100000| Complete 
| 194|0x000000070e200000, 0x000000070e300000, 0x000000070e300000|100%| S|CS|TAMS 0x000000070e200000, 0x000000070e200000| Complete 
| 195|0x000000070e300000, 0x000000070e400000, 0x000000070e400000|100%| S|CS|TAMS 0x000000070e300000, 0x000000070e300000| Complete 
| 196|0x000000070e400000, 0x000000070e500000, 0x000000070e500000|100%| S|CS|TAMS 0x000000070e400000, 0x000000070e400000| Complete 
| 197|0x000000070e500000, 0x000000070e600000, 0x000000070e600000|100%| S|CS|TAMS 0x000000070e500000, 0x000000070e500000| Complete 
| 198|0x000000070e600000, 0x000000070e600000, 0x000000070e700000|  0%| F|  |TAMS 0x000000070e600000, 0x000000070e600000| Untracked 
| 199|0x000000070e700000, 0x000000070e700000, 0x000000070e800000|  0%| F|  |TAMS 0x000000070e700000, 0x000000070e700000| Untracked 
| 200|0x000000070e800000, 0x000000070e800000, 0x000000070e900000|  0%| F|  |TAMS 0x000000070e800000, 0x000000070e800000| Untracked 
| 201|0x000000070e900000, 0x000000070e900000, 0x000000070ea00000|  0%| F|  |TAMS 0x000000070e900000, 0x000000070e900000| Untracked 
| 202|0x000000070ea00000, 0x000000070ea00000, 0x000000070eb00000|  0%| F|  |TAMS 0x000000070ea00000, 0x000000070ea00000| Untracked 
| 203|0x000000070eb00000, 0x000000070eb00000, 0x000000070ec00000|  0%| F|  |TAMS 0x000000070eb00000, 0x000000070eb00000| Untracked 
| 204|0x000000070ec00000, 0x000000070ec00000, 0x000000070ed00000|  0%| F|  |TAMS 0x000000070ec00000, 0x000000070ec00000| Untracked 
| 205|0x000000070ed00000, 0x000000070ed00000, 0x000000070ee00000|  0%| F|  |TAMS 0x000000070ed00000, 0x000000070ed00000| Untracked 
| 206|0x000000070ee00000, 0x000000070ee00000, 0x000000070ef00000|  0%| F|  |TAMS 0x000000070ee00000, 0x000000070ee00000| Untracked 
| 207|0x000000070ef00000, 0x000000070ef00000, 0x000000070f000000|  0%| F|  |TAMS 0x000000070ef00000, 0x000000070ef00000| Untracked 
| 208|0x000000070f000000, 0x000000070f000000, 0x000000070f100000|  0%| F|  |TAMS 0x000000070f000000, 0x000000070f000000| Untracked 
| 209|0x000000070f100000, 0x000000070f100000, 0x000000070f200000|  0%| F|  |TAMS 0x000000070f100000, 0x000000070f100000| Untracked 
| 210|0x000000070f200000, 0x000000070f200000, 0x000000070f300000|  0%| F|  |TAMS 0x000000070f200000, 0x000000070f200000| Untracked 
| 211|0x000000070f300000, 0x000000070f300000, 0x000000070f400000|  0%| F|  |TAMS 0x000000070f300000, 0x000000070f300000| Untracked 
| 212|0x000000070f400000, 0x000000070f400000, 0x000000070f500000|  0%| F|  |TAMS 0x000000070f400000, 0x000000070f400000| Untracked 
| 213|0x000000070f500000, 0x000000070f500000, 0x000000070f600000|  0%| F|  |TAMS 0x000000070f500000, 0x000000070f500000| Untracked 
| 214|0x000000070f600000, 0x000000070f600000, 0x000000070f700000|  0%| F|  |TAMS 0x000000070f600000, 0x000000070f600000| Untracked 
| 215|0x000000070f700000, 0x000000070f700000, 0x000000070f800000|  0%| F|  |TAMS 0x000000070f700000, 0x000000070f700000| Untracked 
| 216|0x000000070f800000, 0x000000070f800000, 0x000000070f900000|  0%| F|  |TAMS 0x000000070f800000, 0x000000070f800000| Untracked 
| 217|0x000000070f900000, 0x000000070f900000, 0x000000070fa00000|  0%| F|  |TAMS 0x000000070f900000, 0x000000070f900000| Untracked 
| 218|0x000000070fa00000, 0x000000070fa00000, 0x000000070fb00000|  0%| F|  |TAMS 0x000000070fa00000, 0x000000070fa00000| Untracked 
| 219|0x000000070fb00000, 0x000000070fb00000, 0x000000070fc00000|  0%| F|  |TAMS 0x000000070fb00000, 0x000000070fb00000| Untracked 
| 220|0x000000070fc00000, 0x000000070fc00000, 0x000000070fd00000|  0%| F|  |TAMS 0x000000070fc00000, 0x000000070fc00000| Untracked 
| 221|0x000000070fd00000, 0x000000070fd00000, 0x000000070fe00000|  0%| F|  |TAMS 0x000000070fd00000, 0x000000070fd00000| Untracked 
| 222|0x000000070fe00000, 0x000000070fe00000, 0x000000070ff00000|  0%| F|  |TAMS 0x000000070fe00000, 0x000000070fe00000| Untracked 
| 223|0x000000070ff00000, 0x000000070ff00000, 0x0000000710000000|  0%| F|  |TAMS 0x000000070ff00000, 0x000000070ff00000| Untracked 
| 224|0x0000000710000000, 0x0000000710000000, 0x0000000710100000|  0%| F|  |TAMS 0x0000000710000000, 0x0000000710000000| Untracked 
| 225|0x0000000710100000, 0x0000000710100000, 0x0000000710200000|  0%| F|  |TAMS 0x0000000710100000, 0x0000000710100000| Untracked 
| 226|0x0000000710200000, 0x0000000710200000, 0x0000000710300000|  0%| F|  |TAMS 0x0000000710200000, 0x0000000710200000| Untracked 
| 227|0x0000000710300000, 0x0000000710300000, 0x0000000710400000|  0%| F|  |TAMS 0x0000000710300000, 0x0000000710300000| Untracked 
| 228|0x0000000710400000, 0x0000000710400000, 0x0000000710500000|  0%| F|  |TAMS 0x0000000710400000, 0x0000000710400000| Untracked 
| 229|0x0000000710500000, 0x0000000710500000, 0x0000000710600000|  0%| F|  |TAMS 0x0000000710500000, 0x0000000710500000| Untracked 
| 230|0x0000000710600000, 0x0000000710600000, 0x0000000710700000|  0%| F|  |TAMS 0x0000000710600000, 0x0000000710600000| Untracked 
| 231|0x0000000710700000, 0x0000000710700000, 0x0000000710800000|  0%| F|  |TAMS 0x0000000710700000, 0x0000000710700000| Untracked 
| 232|0x0000000710800000, 0x0000000710800000, 0x0000000710900000|  0%| F|  |TAMS 0x0000000710800000, 0x0000000710800000| Untracked 
| 233|0x0000000710900000, 0x0000000710900000, 0x0000000710a00000|  0%| F|  |TAMS 0x0000000710900000, 0x0000000710900000| Untracked 
| 234|0x0000000710a00000, 0x0000000710a00000, 0x0000000710b00000|  0%| F|  |TAMS 0x0000000710a00000, 0x0000000710a00000| Untracked 
| 235|0x0000000710b00000, 0x0000000710b00000, 0x0000000710c00000|  0%| F|  |TAMS 0x0000000710b00000, 0x0000000710b00000| Untracked 
| 236|0x0000000710c00000, 0x0000000710c00000, 0x0000000710d00000|  0%| F|  |TAMS 0x0000000710c00000, 0x0000000710c00000| Untracked 
| 237|0x0000000710d00000, 0x0000000710d00000, 0x0000000710e00000|  0%| F|  |TAMS 0x0000000710d00000, 0x0000000710d00000| Untracked 
| 238|0x0000000710e00000, 0x0000000710e00000, 0x0000000710f00000|  0%| F|  |TAMS 0x0000000710e00000, 0x0000000710e00000| Untracked 
| 239|0x0000000710f00000, 0x0000000710f00000, 0x0000000711000000|  0%| F|  |TAMS 0x0000000710f00000, 0x0000000710f00000| Untracked 
| 240|0x0000000711000000, 0x0000000711000000, 0x0000000711100000|  0%| F|  |TAMS 0x0000000711000000, 0x0000000711000000| Untracked 
| 241|0x0000000711100000, 0x0000000711100000, 0x0000000711200000|  0%| F|  |TAMS 0x0000000711100000, 0x0000000711100000| Untracked 
| 242|0x0000000711200000, 0x0000000711200000, 0x0000000711300000|  0%| F|  |TAMS 0x0000000711200000, 0x0000000711200000| Untracked 
| 243|0x0000000711300000, 0x0000000711300000, 0x0000000711400000|  0%| F|  |TAMS 0x0000000711300000, 0x0000000711300000| Untracked 
| 244|0x0000000711400000, 0x0000000711400000, 0x0000000711500000|  0%| F|  |TAMS 0x0000000711400000, 0x0000000711400000| Untracked 
| 245|0x0000000711500000, 0x0000000711500000, 0x0000000711600000|  0%| F|  |TAMS 0x0000000711500000, 0x0000000711500000| Untracked 
| 246|0x0000000711600000, 0x0000000711600000, 0x0000000711700000|  0%| F|  |TAMS 0x0000000711600000, 0x0000000711600000| Untracked 
| 247|0x0000000711700000, 0x0000000711700000, 0x0000000711800000|  0%| F|  |TAMS 0x0000000711700000, 0x0000000711700000| Untracked 
| 248|0x0000000711800000, 0x0000000711800000, 0x0000000711900000|  0%| F|  |TAMS 0x0000000711800000, 0x0000000711800000| Untracked 
| 249|0x0000000711900000, 0x0000000711900000, 0x0000000711a00000|  0%| F|  |TAMS 0x0000000711900000, 0x0000000711900000| Untracked 
| 250|0x0000000711a00000, 0x0000000711a00000, 0x0000000711b00000|  0%| F|  |TAMS 0x0000000711a00000, 0x0000000711a00000| Untracked 
| 251|0x0000000711b00000, 0x0000000711b00000, 0x0000000711c00000|  0%| F|  |TAMS 0x0000000711b00000, 0x0000000711b00000| Untracked 
| 252|0x0000000711c00000, 0x0000000711c00000, 0x0000000711d00000|  0%| F|  |TAMS 0x0000000711c00000, 0x0000000711c00000| Untracked 
| 253|0x0000000711d00000, 0x0000000711d00000, 0x0000000711e00000|  0%| F|  |TAMS 0x0000000711d00000, 0x0000000711d00000| Untracked 
| 254|0x0000000711e00000, 0x0000000711e00000, 0x0000000711f00000|  0%| F|  |TAMS 0x0000000711e00000, 0x0000000711e00000| Untracked 
| 255|0x0000000711f00000, 0x0000000711f00000, 0x0000000712000000|  0%| F|  |TAMS 0x0000000711f00000, 0x0000000711f00000| Untracked 
| 256|0x0000000712000000, 0x0000000712000000, 0x0000000712100000|  0%| F|  |TAMS 0x0000000712000000, 0x0000000712000000| Untracked 
| 257|0x0000000712100000, 0x0000000712100000, 0x0000000712200000|  0%| F|  |TAMS 0x0000000712100000, 0x0000000712100000| Untracked 
| 258|0x0000000712200000, 0x0000000712200000, 0x0000000712300000|  0%| F|  |TAMS 0x0000000712200000, 0x0000000712200000| Untracked 
| 259|0x0000000712300000, 0x0000000712300000, 0x0000000712400000|  0%| F|  |TAMS 0x0000000712300000, 0x0000000712300000| Untracked 
| 260|0x0000000712400000, 0x0000000712400000, 0x0000000712500000|  0%| F|  |TAMS 0x0000000712400000, 0x0000000712400000| Untracked 
| 261|0x0000000712500000, 0x0000000712500000, 0x0000000712600000|  0%| F|  |TAMS 0x0000000712500000, 0x0000000712500000| Untracked 
| 262|0x0000000712600000, 0x0000000712600000, 0x0000000712700000|  0%| F|  |TAMS 0x0000000712600000, 0x0000000712600000| Untracked 
| 263|0x0000000712700000, 0x0000000712700000, 0x0000000712800000|  0%| F|  |TAMS 0x0000000712700000, 0x0000000712700000| Untracked 
| 264|0x0000000712800000, 0x0000000712800000, 0x0000000712900000|  0%| F|  |TAMS 0x0000000712800000, 0x0000000712800000| Untracked 
| 265|0x0000000712900000, 0x0000000712900000, 0x0000000712a00000|  0%| F|  |TAMS 0x0000000712900000, 0x0000000712900000| Untracked 
| 266|0x0000000712a00000, 0x0000000712a00000, 0x0000000712b00000|  0%| F|  |TAMS 0x0000000712a00000, 0x0000000712a00000| Untracked 
| 267|0x0000000712b00000, 0x0000000712b00000, 0x0000000712c00000|  0%| F|  |TAMS 0x0000000712b00000, 0x0000000712b00000| Untracked 
| 268|0x0000000712c00000, 0x0000000712c00000, 0x0000000712d00000|  0%| F|  |TAMS 0x0000000712c00000, 0x0000000712c00000| Untracked 
| 269|0x0000000712d00000, 0x0000000712d00000, 0x0000000712e00000|  0%| F|  |TAMS 0x0000000712d00000, 0x0000000712d00000| Untracked 
| 270|0x0000000712e00000, 0x0000000712e00000, 0x0000000712f00000|  0%| F|  |TAMS 0x0000000712e00000, 0x0000000712e00000| Untracked 
| 271|0x0000000712f00000, 0x0000000712f00000, 0x0000000713000000|  0%| F|  |TAMS 0x0000000712f00000, 0x0000000712f00000| Untracked 
| 272|0x0000000713000000, 0x0000000713000000, 0x0000000713100000|  0%| F|  |TAMS 0x0000000713000000, 0x0000000713000000| Untracked 
| 273|0x0000000713100000, 0x0000000713100000, 0x0000000713200000|  0%| F|  |TAMS 0x0000000713100000, 0x0000000713100000| Untracked 
| 274|0x0000000713200000, 0x0000000713200000, 0x0000000713300000|  0%| F|  |TAMS 0x0000000713200000, 0x0000000713200000| Untracked 
| 275|0x0000000713300000, 0x0000000713300000, 0x0000000713400000|  0%| F|  |TAMS 0x0000000713300000, 0x0000000713300000| Untracked 
| 276|0x0000000713400000, 0x0000000713400000, 0x0000000713500000|  0%| F|  |TAMS 0x0000000713400000, 0x0000000713400000| Untracked 
| 277|0x0000000713500000, 0x0000000713500000, 0x0000000713600000|  0%| F|  |TAMS 0x0000000713500000, 0x0000000713500000| Untracked 
| 278|0x0000000713600000, 0x0000000713600000, 0x0000000713700000|  0%| F|  |TAMS 0x0000000713600000, 0x0000000713600000| Untracked 
| 279|0x0000000713700000, 0x0000000713700000, 0x0000000713800000|  0%| F|  |TAMS 0x0000000713700000, 0x0000000713700000| Untracked 
| 280|0x0000000713800000, 0x0000000713800000, 0x0000000713900000|  0%| F|  |TAMS 0x0000000713800000, 0x0000000713800000| Untracked 
| 281|0x0000000713900000, 0x0000000713900000, 0x0000000713a00000|  0%| F|  |TAMS 0x0000000713900000, 0x0000000713900000| Untracked 
| 282|0x0000000713a00000, 0x0000000713a00000, 0x0000000713b00000|  0%| F|  |TAMS 0x0000000713a00000, 0x0000000713a00000| Untracked 
| 283|0x0000000713b00000, 0x0000000713b00000, 0x0000000713c00000|  0%| F|  |TAMS 0x0000000713b00000, 0x0000000713b00000| Untracked 
| 284|0x0000000713c00000, 0x0000000713c00000, 0x0000000713d00000|  0%| F|  |TAMS 0x0000000713c00000, 0x0000000713c00000| Untracked 
| 285|0x0000000713d00000, 0x0000000713d00000, 0x0000000713e00000|  0%| F|  |TAMS 0x0000000713d00000, 0x0000000713d00000| Untracked 
| 286|0x0000000713e00000, 0x0000000713e00000, 0x0000000713f00000|  0%| F|  |TAMS 0x0000000713e00000, 0x0000000713e00000| Untracked 
| 287|0x0000000713f00000, 0x0000000713f00000, 0x0000000714000000|  0%| F|  |TAMS 0x0000000713f00000, 0x0000000713f00000| Untracked 
| 288|0x0000000714000000, 0x0000000714000000, 0x0000000714100000|  0%| F|  |TAMS 0x0000000714000000, 0x0000000714000000| Untracked 
| 289|0x0000000714100000, 0x0000000714100000, 0x0000000714200000|  0%| F|  |TAMS 0x0000000714100000, 0x0000000714100000| Untracked 
| 290|0x0000000714200000, 0x0000000714200000, 0x0000000714300000|  0%| F|  |TAMS 0x0000000714200000, 0x0000000714200000| Untracked 
| 291|0x0000000714300000, 0x0000000714300000, 0x0000000714400000|  0%| F|  |TAMS 0x0000000714300000, 0x0000000714300000| Untracked 
| 292|0x0000000714400000, 0x0000000714400000, 0x0000000714500000|  0%| F|  |TAMS 0x0000000714400000, 0x0000000714400000| Untracked 
| 293|0x0000000714500000, 0x0000000714500000, 0x0000000714600000|  0%| F|  |TAMS 0x0000000714500000, 0x0000000714500000| Untracked 
| 294|0x0000000714600000, 0x0000000714600000, 0x0000000714700000|  0%| F|  |TAMS 0x0000000714600000, 0x0000000714600000| Untracked 
| 295|0x0000000714700000, 0x0000000714700000, 0x0000000714800000|  0%| F|  |TAMS 0x0000000714700000, 0x0000000714700000| Untracked 
| 296|0x0000000714800000, 0x0000000714800000, 0x0000000714900000|  0%| F|  |TAMS 0x0000000714800000, 0x0000000714800000| Untracked 
| 297|0x0000000714900000, 0x0000000714900000, 0x0000000714a00000|  0%| F|  |TAMS 0x0000000714900000, 0x0000000714900000| Untracked 
| 298|0x0000000714a00000, 0x0000000714a00000, 0x0000000714b00000|  0%| F|  |TAMS 0x0000000714a00000, 0x0000000714a00000| Untracked 
| 299|0x0000000714b00000, 0x0000000714b00000, 0x0000000714c00000|  0%| F|  |TAMS 0x0000000714b00000, 0x0000000714b00000| Untracked 
| 300|0x0000000714c00000, 0x0000000714c00000, 0x0000000714d00000|  0%| F|  |TAMS 0x0000000714c00000, 0x0000000714c00000| Untracked 
| 301|0x0000000714d00000, 0x0000000714d00000, 0x0000000714e00000|  0%| F|  |TAMS 0x0000000714d00000, 0x0000000714d00000| Untracked 
| 302|0x0000000714e00000, 0x0000000714e00000, 0x0000000714f00000|  0%| F|  |TAMS 0x0000000714e00000, 0x0000000714e00000| Untracked 
| 303|0x0000000714f00000, 0x0000000714f00000, 0x0000000715000000|  0%| F|  |TAMS 0x0000000714f00000, 0x0000000714f00000| Untracked 
| 304|0x0000000715000000, 0x0000000715000000, 0x0000000715100000|  0%| F|  |TAMS 0x0000000715000000, 0x0000000715000000| Untracked 
| 305|0x0000000715100000, 0x0000000715100000, 0x0000000715200000|  0%| F|  |TAMS 0x0000000715100000, 0x0000000715100000| Untracked 
| 306|0x0000000715200000, 0x0000000715200000, 0x0000000715300000|  0%| F|  |TAMS 0x0000000715200000, 0x0000000715200000| Untracked 
| 307|0x0000000715300000, 0x0000000715300000, 0x0000000715400000|  0%| F|  |TAMS 0x0000000715300000, 0x0000000715300000| Untracked 
| 308|0x0000000715400000, 0x0000000715400000, 0x0000000715500000|  0%| F|  |TAMS 0x0000000715400000, 0x0000000715400000| Untracked 
| 309|0x0000000715500000, 0x0000000715500000, 0x0000000715600000|  0%| F|  |TAMS 0x0000000715500000, 0x0000000715500000| Untracked 
| 310|0x0000000715600000, 0x0000000715600000, 0x0000000715700000|  0%| F|  |TAMS 0x0000000715600000, 0x0000000715600000| Untracked 
| 311|0x0000000715700000, 0x0000000715700000, 0x0000000715800000|  0%| F|  |TAMS 0x0000000715700000, 0x0000000715700000| Untracked 
| 312|0x0000000715800000, 0x0000000715800000, 0x0000000715900000|  0%| F|  |TAMS 0x0000000715800000, 0x0000000715800000| Untracked 
| 313|0x0000000715900000, 0x0000000715900000, 0x0000000715a00000|  0%| F|  |TAMS 0x0000000715900000, 0x0000000715900000| Untracked 
| 314|0x0000000715a00000, 0x0000000715a00000, 0x0000000715b00000|  0%| F|  |TAMS 0x0000000715a00000, 0x0000000715a00000| Untracked 
| 315|0x0000000715b00000, 0x0000000715b00000, 0x0000000715c00000|  0%| F|  |TAMS 0x0000000715b00000, 0x0000000715b00000| Untracked 
| 316|0x0000000715c00000, 0x0000000715c00000, 0x0000000715d00000|  0%| F|  |TAMS 0x0000000715c00000, 0x0000000715c00000| Untracked 
| 317|0x0000000715d00000, 0x0000000715d00000, 0x0000000715e00000|  0%| F|  |TAMS 0x0000000715d00000, 0x0000000715d00000| Untracked 
| 318|0x0000000715e00000, 0x0000000715e00000, 0x0000000715f00000|  0%| F|  |TAMS 0x0000000715e00000, 0x0000000715e00000| Untracked 
| 319|0x0000000715f00000, 0x0000000715f00000, 0x0000000716000000|  0%| F|  |TAMS 0x0000000715f00000, 0x0000000715f00000| Untracked 
| 320|0x0000000716000000, 0x0000000716000000, 0x0000000716100000|  0%| F|  |TAMS 0x0000000716000000, 0x0000000716000000| Untracked 
| 321|0x0000000716100000, 0x0000000716100000, 0x0000000716200000|  0%| F|  |TAMS 0x0000000716100000, 0x0000000716100000| Untracked 
| 322|0x0000000716200000, 0x0000000716200000, 0x0000000716300000|  0%| F|  |TAMS 0x0000000716200000, 0x0000000716200000| Untracked 
| 323|0x0000000716300000, 0x0000000716300000, 0x0000000716400000|  0%| F|  |TAMS 0x0000000716300000, 0x0000000716300000| Untracked 
| 324|0x0000000716400000, 0x0000000716400000, 0x0000000716500000|  0%| F|  |TAMS 0x0000000716400000, 0x0000000716400000| Untracked 
| 325|0x0000000716500000, 0x0000000716500000, 0x0000000716600000|  0%| F|  |TAMS 0x0000000716500000, 0x0000000716500000| Untracked 
| 326|0x0000000716600000, 0x0000000716600000, 0x0000000716700000|  0%| F|  |TAMS 0x0000000716600000, 0x0000000716600000| Untracked 
| 327|0x0000000716700000, 0x0000000716700000, 0x0000000716800000|  0%| F|  |TAMS 0x0000000716700000, 0x0000000716700000| Untracked 
| 328|0x0000000716800000, 0x0000000716800000, 0x0000000716900000|  0%| F|  |TAMS 0x0000000716800000, 0x0000000716800000| Untracked 
| 329|0x0000000716900000, 0x0000000716900000, 0x0000000716a00000|  0%| F|  |TAMS 0x0000000716900000, 0x0000000716900000| Untracked 
| 330|0x0000000716a00000, 0x0000000716a00000, 0x0000000716b00000|  0%| F|  |TAMS 0x0000000716a00000, 0x0000000716a00000| Untracked 
| 331|0x0000000716b00000, 0x0000000716b00000, 0x0000000716c00000|  0%| F|  |TAMS 0x0000000716b00000, 0x0000000716b00000| Untracked 
| 332|0x0000000716c00000, 0x0000000716c00000, 0x0000000716d00000|  0%| F|  |TAMS 0x0000000716c00000, 0x0000000716c00000| Untracked 
| 333|0x0000000716d00000, 0x0000000716d00000, 0x0000000716e00000|  0%| F|  |TAMS 0x0000000716d00000, 0x0000000716d00000| Untracked 
| 334|0x0000000716e00000, 0x0000000716e00000, 0x0000000716f00000|  0%| F|  |TAMS 0x0000000716e00000, 0x0000000716e00000| Untracked 
| 335|0x0000000716f00000, 0x0000000716f00000, 0x0000000717000000|  0%| F|  |TAMS 0x0000000716f00000, 0x0000000716f00000| Untracked 
| 336|0x0000000717000000, 0x0000000717000000, 0x0000000717100000|  0%| F|  |TAMS 0x0000000717000000, 0x0000000717000000| Untracked 
| 337|0x0000000717100000, 0x0000000717100000, 0x0000000717200000|  0%| F|  |TAMS 0x0000000717100000, 0x0000000717100000| Untracked 
| 338|0x0000000717200000, 0x0000000717200000, 0x0000000717300000|  0%| F|  |TAMS 0x0000000717200000, 0x0000000717200000| Untracked 
| 339|0x0000000717300000, 0x0000000717300000, 0x0000000717400000|  0%| F|  |TAMS 0x0000000717300000, 0x0000000717300000| Untracked 
| 340|0x0000000717400000, 0x0000000717400000, 0x0000000717500000|  0%| F|  |TAMS 0x0000000717400000, 0x0000000717400000| Untracked 
| 341|0x0000000717500000, 0x0000000717500000, 0x0000000717600000|  0%| F|  |TAMS 0x0000000717500000, 0x0000000717500000| Untracked 
| 342|0x0000000717600000, 0x0000000717600000, 0x0000000717700000|  0%| F|  |TAMS 0x0000000717600000, 0x0000000717600000| Untracked 
| 343|0x0000000717700000, 0x0000000717700000, 0x0000000717800000|  0%| F|  |TAMS 0x0000000717700000, 0x0000000717700000| Untracked 
| 344|0x0000000717800000, 0x0000000717800000, 0x0000000717900000|  0%| F|  |TAMS 0x0000000717800000, 0x0000000717800000| Untracked 
| 345|0x0000000717900000, 0x0000000717900000, 0x0000000717a00000|  0%| F|  |TAMS 0x0000000717900000, 0x0000000717900000| Untracked 
| 346|0x0000000717a00000, 0x0000000717a00000, 0x0000000717b00000|  0%| F|  |TAMS 0x0000000717a00000, 0x0000000717a00000| Untracked 
| 347|0x0000000717b00000, 0x0000000717b00000, 0x0000000717c00000|  0%| F|  |TAMS 0x0000000717b00000, 0x0000000717b00000| Untracked 
| 348|0x0000000717c00000, 0x0000000717c00000, 0x0000000717d00000|  0%| F|  |TAMS 0x0000000717c00000, 0x0000000717c00000| Untracked 
| 349|0x0000000717d00000, 0x0000000717d00000, 0x0000000717e00000|  0%| F|  |TAMS 0x0000000717d00000, 0x0000000717d00000| Untracked 
| 350|0x0000000717e00000, 0x0000000717e00000, 0x0000000717f00000|  0%| F|  |TAMS 0x0000000717e00000, 0x0000000717e00000| Untracked 
| 351|0x0000000717f00000, 0x0000000717f00000, 0x0000000718000000|  0%| F|  |TAMS 0x0000000717f00000, 0x0000000717f00000| Untracked 
| 352|0x0000000718000000, 0x0000000718000000, 0x0000000718100000|  0%| F|  |TAMS 0x0000000718000000, 0x0000000718000000| Untracked 
| 353|0x0000000718100000, 0x0000000718100000, 0x0000000718200000|  0%| F|  |TAMS 0x0000000718100000, 0x0000000718100000| Untracked 
| 354|0x0000000718200000, 0x0000000718200000, 0x0000000718300000|  0%| F|  |TAMS 0x0000000718200000, 0x0000000718200000| Untracked 
| 355|0x0000000718300000, 0x0000000718300000, 0x0000000718400000|  0%| F|  |TAMS 0x0000000718300000, 0x0000000718300000| Untracked 
| 356|0x0000000718400000, 0x0000000718400000, 0x0000000718500000|  0%| F|  |TAMS 0x0000000718400000, 0x0000000718400000| Untracked 
| 357|0x0000000718500000, 0x0000000718500000, 0x0000000718600000|  0%| F|  |TAMS 0x0000000718500000, 0x0000000718500000| Untracked 
| 358|0x0000000718600000, 0x0000000718680800, 0x0000000718700000| 50%| E|  |TAMS 0x0000000718600000, 0x0000000718600000| Complete 
| 359|0x0000000718700000, 0x0000000718800000, 0x0000000718800000|100%| E|CS|TAMS 0x0000000718700000, 0x0000000718700000| Complete 
| 360|0x0000000718800000, 0x0000000718900000, 0x0000000718900000|100%| E|CS|TAMS 0x0000000718800000, 0x0000000718800000| Complete 
| 361|0x0000000718900000, 0x0000000718a00000, 0x0000000718a00000|100%| E|CS|TAMS 0x0000000718900000, 0x0000000718900000| Complete 
| 362|0x0000000718a00000, 0x0000000718b00000, 0x0000000718b00000|100%| E|CS|TAMS 0x0000000718a00000, 0x0000000718a00000| Complete 
| 363|0x0000000718b00000, 0x0000000718c00000, 0x0000000718c00000|100%| E|CS|TAMS 0x0000000718b00000, 0x0000000718b00000| Complete 
| 364|0x0000000718c00000, 0x0000000718d00000, 0x0000000718d00000|100%| E|CS|TAMS 0x0000000718c00000, 0x0000000718c00000| Complete 
| 365|0x0000000718d00000, 0x0000000718e00000, 0x0000000718e00000|100%| E|CS|TAMS 0x0000000718d00000, 0x0000000718d00000| Complete 
| 366|0x0000000718e00000, 0x0000000718f00000, 0x0000000718f00000|100%| E|CS|TAMS 0x0000000718e00000, 0x0000000718e00000| Complete 
| 367|0x0000000718f00000, 0x0000000719000000, 0x0000000719000000|100%| E|CS|TAMS 0x0000000718f00000, 0x0000000718f00000| Complete 
| 368|0x0000000719000000, 0x0000000719100000, 0x0000000719100000|100%| E|CS|TAMS 0x0000000719000000, 0x0000000719000000| Complete 
| 369|0x0000000719100000, 0x0000000719200000, 0x0000000719200000|100%| E|CS|TAMS 0x0000000719100000, 0x0000000719100000| Complete 
| 370|0x0000000719200000, 0x0000000719300000, 0x0000000719300000|100%| E|CS|TAMS 0x0000000719200000, 0x0000000719200000| Complete 

Card table byte_map: [0x000001e32fc90000,0x000001e330480000] _byte_map_base: 0x000001e32c480000

Marking Bits (Prev, Next): (CMBitMap*) 0x000001e31c6a1b40, (CMBitMap*) 0x000001e31c6a1b08
 Prev Bits: [0x000001e334bf0000, 0x000001e338b70000)
 Next Bits: [0x000001e330c70000, 0x000001e334bf0000)

Polling page: 0x000001e31be20000

Metaspace:

Usage:
  Non-class:     71.73 MB capacity,    71.12 MB (>99%) used,   473.42 KB ( <1%) free+waste,   149.00 KB ( <1%) overhead. 
      Class:      8.89 MB capacity,     8.47 MB ( 95%) used,   365.82 KB (  4%) free+waste,    63.75 KB ( <1%) overhead. 
       Both:     80.62 MB capacity,    79.59 MB ( 99%) used,   839.24 KB (  1%) free+waste,   212.75 KB ( <1%) overhead. 

Virtual space:
  Non-class space:       74.00 MB reserved,      71.96 MB ( 97%) committed 
      Class space:        1.00 GB reserved,       9.00 MB ( <1%) committed 
             Both:        1.07 GB reserved,      80.96 MB (  7%) committed 

Chunk freelists:
   Non-Class:  42.00 KB
       Class:  13.00 KB
        Both:  55.00 KB

MaxMetaspaceSize: 17179869184.00 GB
CompressedClassSpaceSize: 1.00 GB
Initial GC threshold: 20.80 MB
Current GC threshold: 98.68 MB
CDS: off

CodeHeap 'non-profiled nmethods': size=120000Kb used=9662Kb max_used=10214Kb free=110337Kb
 bounds [0x000001e327c40000, 0x000001e328640000, 0x000001e32f170000]
CodeHeap 'profiled nmethods': size=120000Kb used=49090Kb max_used=51038Kb free=70909Kb
 bounds [0x000001e320710000, 0x000001e3238f0000, 0x000001e327c40000]
CodeHeap 'non-nmethods': size=5760Kb used=1397Kb max_used=1470Kb free=4362Kb
 bounds [0x000001e320170000, 0x000001e3203e0000, 0x000001e320710000]
 total_blobs=15519 nmethods=14818 adapters=609
 compilation: enabled
              stopped_count=0, restarted_count=0
 full_count=0

Compilation events (20 events):
Event: 19.259 Thread 0x000001e33c004000 nmethod 16360 0x000001e320a3e190 code [0x000001e320a3e400, 0x000001e320a3ece8]
Event: 19.260 Thread 0x000001e33c004000 16374       3       androidx.compose.compiler.plugins.kotlin.lower.ComposableFunctionBodyTransformer::visitGetValue (111 bytes)
Event: 19.261 Thread 0x000001e33c004000 nmethod 16374 0x000001e320921810 code [0x000001e320921b00, 0x000001e320922dd8]
Event: 19.261 Thread 0x000001e33c004000 16371       3       androidx.compose.compiler.plugins.kotlin.analysis.ComposeWritableSlices::getIS_SYNTHETIC_COMPOSABLE_CALL (4 bytes)
Event: 19.261 Thread 0x000001e33c004000 nmethod 16371 0x000001e320b14890 code [0x000001e320b14a40, 0x000001e320b14b58]
Event: 19.261 Thread 0x000001e33c004000 16372   !   3       androidx.compose.compiler.plugins.kotlin.lower.ComposableFunctionBodyTransformer::visitCall (234 bytes)
Event: 19.267 Thread 0x000001e33c004000 nmethod 16372 0x000001e321443090 code [0x000001e321443a80, 0x000001e3214494c8]
Event: 19.267 Thread 0x000001e33c004000 16373       3       androidx.compose.compiler.plugins.kotlin.lower.AbstractComposeLowering::isSyntheticComposableCall (38 bytes)
Event: 19.268 Thread 0x000001e33c004000 nmethod 16373 0x000001e320da3090 code [0x000001e320da3380, 0x000001e320da4118]
Event: 19.268 Thread 0x000001e33c004000 16375       3       androidx.compose.compiler.plugins.kotlin.lower.ComposableFunctionBodyTransformer$Scope$FunctionScope::isInComposable (58 bytes)
Event: 19.269 Thread 0x000001e33c004000 nmethod 16375 0x000001e32096e090 code [0x000001e32096e280, 0x000001e32096e658]
Event: 19.269 Thread 0x000001e33c004000 16376       3       androidx.compose.compiler.plugins.kotlin.lower.ComposableFunctionBodyTransformer::isInComposableScope (8 bytes)
Event: 19.269 Thread 0x000001e33c004000 nmethod 16376 0x000001e320725290 code [0x000001e320725440, 0x000001e320725608]
Event: 19.269 Thread 0x000001e33c004000 16367       3       androidx.compose.compiler.plugins.kotlin.EmptyModuleMetrics::recordFunction (7 bytes)
Event: 19.270 Thread 0x000001e33c004000 nmethod 16367 0x000001e320cf8490 code [0x000001e320cf86c0, 0x000001e320cf8c58]
Event: 19.270 Thread 0x000001e33c004000 16363       3       androidx.compose.compiler.plugins.kotlin.lower.ComposableFunctionBodyTransformer$Scope$FunctionScope::getFunctionScope (2 bytes)
Event: 19.270 Thread 0x000001e33c004000 nmethod 16363 0x000001e320b33790 code [0x000001e320b33940, 0x000001e320b33a38]
Event: 19.270 Thread 0x000001e33c004000 16364   !   3       androidx.compose.compiler.plugins.kotlin.lower.ComposableFunctionBodyTransformer::visitFunction (192 bytes)
Event: 19.274 Thread 0x000001e33c004000 nmethod 16364 0x000001e321240c10 code [0x000001e3212410c0, 0x000001e321243578]
Event: 19.274 Thread 0x000001e33c004000 16366       3       androidx.compose.compiler.plugins.kotlin.lower.ComposableFunctionBodyTransformer::visitFunctionInScope (122 bytes)

GC Heap History (20 events):
Event: 2.163 GC heap before
{Heap before GC invocations=3 (full 0):
 garbage-first heap   total 260096K, used 67220K [0x0000000702000000, 0x0000000800000000)
  region size 1024K, 58 young (59392K), 7 survivors (7168K)
 Metaspace       used 31767K, capacity 32203K, committed 32304K, reserved 1077248K
  class space    used 3784K, capacity 3965K, committed 3968K, reserved 1048576K
}
Event: 2.175 GC heap after
{Heap after GC invocations=4 (full 0):
 garbage-first heap   total 260096K, used 21754K [0x0000000702000000, 0x0000000800000000)
  region size 1024K, 8 young (8192K), 8 survivors (8192K)
 Metaspace       used 31767K, capacity 32203K, committed 32304K, reserved 1077248K
  class space    used 3784K, capacity 3965K, committed 3968K, reserved 1048576K
}
Event: 2.472 GC heap before
{Heap before GC invocations=4 (full 0):
 garbage-first heap   total 260096K, used 35066K [0x0000000702000000, 0x0000000800000000)
  region size 1024K, 22 young (22528K), 8 survivors (8192K)
 Metaspace       used 35324K, capacity 35732K, committed 35920K, reserved 1081344K
  class space    used 4374K, capacity 4543K, committed 4608K, reserved 1048576K
}
Event: 2.486 GC heap after
{Heap after GC invocations=5 (full 0):
 garbage-first heap   total 260096K, used 24283K [0x0000000702000000, 0x0000000800000000)
  region size 1024K, 3 young (3072K), 3 survivors (3072K)
 Metaspace       used 35324K, capacity 35732K, committed 35920K, reserved 1081344K
  class space    used 4374K, capacity 4543K, committed 4608K, reserved 1048576K
}
Event: 3.784 GC heap before
{Heap before GC invocations=6 (full 0):
 garbage-first heap   total 260096K, used 89819K [0x0000000702000000, 0x0000000800000000)
  region size 1024K, 67 young (68608K), 3 survivors (3072K)
 Metaspace       used 47396K, capacity 47941K, committed 48208K, reserved 1091584K
  class space    used 5576K, capacity 5792K, committed 5888K, reserved 1048576K
}
Event: 3.793 GC heap after
{Heap after GC invocations=7 (full 0):
 garbage-first heap   total 260096K, used 28884K [0x0000000702000000, 0x0000000800000000)
  region size 1024K, 9 young (9216K), 9 survivors (9216K)
 Metaspace       used 47396K, capacity 47941K, committed 48208K, reserved 1091584K
  class space    used 5576K, capacity 5792K, committed 5888K, reserved 1048576K
}
Event: 6.548 GC heap before
{Heap before GC invocations=7 (full 0):
 garbage-first heap   total 260096K, used 172244K [0x0000000702000000, 0x0000000800000000)
  region size 1024K, 146 young (149504K), 9 survivors (9216K)
 Metaspace       used 58866K, capacity 59536K, committed 59600K, reserved 1101824K
  class space    used 6704K, capacity 6977K, committed 7040K, reserved 1048576K
}
Event: 6.572 GC heap after
{Heap after GC invocations=8 (full 0):
 garbage-first heap   total 312320K, used 48560K [0x0000000702000000, 0x0000000800000000)
  region size 1024K, 19 young (19456K), 19 survivors (19456K)
 Metaspace       used 58866K, capacity 59536K, committed 59600K, reserved 1101824K
  class space    used 6704K, capacity 6977K, committed 7040K, reserved 1048576K
}
Event: 6.732 GC heap before
{Heap before GC invocations=8 (full 0):
 garbage-first heap   total 312320K, used 57776K [0x0000000702000000, 0x0000000800000000)
  region size 1024K, 29 young (29696K), 19 survivors (19456K)
 Metaspace       used 59424K, capacity 60069K, committed 60240K, reserved 1101824K
  class space    used 6760K, capacity 7047K, committed 7168K, reserved 1048576K
}
Event: 6.782 GC heap after
{Heap after GC invocations=9 (full 0):
 garbage-first heap   total 312320K, used 51646K [0x0000000702000000, 0x0000000800000000)
  region size 1024K, 3 young (3072K), 3 survivors (3072K)
 Metaspace       used 59424K, capacity 60069K, committed 60240K, reserved 1101824K
  class space    used 6760K, capacity 7047K, committed 7168K, reserved 1048576K
}
Event: 10.320 GC heap before
{Heap before GC invocations=10 (full 0):
 garbage-first heap   total 312320K, used 147902K [0x0000000702000000, 0x0000000800000000)
  region size 1024K, 97 young (99328K), 3 survivors (3072K)
 Metaspace       used 67466K, capacity 68330K, committed 68564K, reserved 1110016K
  class space    used 7515K, capacity 7869K, committed 7936K, reserved 1048576K
}
Event: 10.331 GC heap after
{Heap after GC invocations=11 (full 0):
 garbage-first heap   total 312320K, used 61694K [0x0000000702000000, 0x0000000800000000)
  region size 1024K, 13 young (13312K), 13 survivors (13312K)
 Metaspace       used 67466K, capacity 68330K, committed 68564K, reserved 1110016K
  class space    used 7515K, capacity 7869K, committed 7936K, reserved 1048576K
}
Event: 13.619 GC heap before
{Heap before GC invocations=11 (full 0):
 garbage-first heap   total 312320K, used 171262K [0x0000000702000000, 0x0000000800000000)
  region size 1024K, 118 young (120832K), 13 survivors (13312K)
 Metaspace       used 69130K, capacity 70044K, committed 70228K, reserved 1112064K
  class space    used 7568K, capacity 7942K, committed 8064K, reserved 1048576K
}
Event: 13.639 GC heap after
{Heap after GC invocations=12 (full 0):
 garbage-first heap   total 312320K, used 73728K [0x0000000702000000, 0x0000000800000000)
  region size 1024K, 10 young (10240K), 10 survivors (10240K)
 Metaspace       used 69130K, capacity 70044K, committed 70228K, reserved 1112064K
  class space    used 7568K, capacity 7942K, committed 8064K, reserved 1048576K
}
Event: 16.446 GC heap before
{Heap before GC invocations=12 (full 0):
 garbage-first heap   total 312320K, used 186368K [0x0000000702000000, 0x0000000800000000)
  region size 1024K, 120 young (122880K), 10 survivors (10240K)
 Metaspace       used 78357K, capacity 79370K, committed 79444K, reserved 1120256K
  class space    used 8403K, capacity 8794K, committed 8832K, reserved 1048576K
}
Event: 16.464 GC heap after
{Heap after GC invocations=13 (full 0):
 garbage-first heap   total 312320K, used 85042K [0x0000000702000000, 0x0000000800000000)
  region size 1024K, 12 young (12288K), 12 survivors (12288K)
 Metaspace       used 78357K, capacity 79370K, committed 79444K, reserved 1120256K
  class space    used 8403K, capacity 8794K, committed 8832K, reserved 1048576K
}
Event: 17.528 GC heap before
{Heap before GC invocations=13 (full 0):
 garbage-first heap   total 312320K, used 199730K [0x0000000702000000, 0x0000000800000000)
  region size 1024K, 124 young (126976K), 12 survivors (12288K)
 Metaspace       used 79988K, capacity 80989K, committed 81236K, reserved 1122304K
  class space    used 8568K, capacity 8969K, committed 9088K, reserved 1048576K
}
Event: 17.553 GC heap after
{Heap after GC invocations=14 (full 0):
 garbage-first heap   total 312320K, used 102151K [0x0000000702000000, 0x0000000800000000)
  region size 1024K, 16 young (16384K), 16 survivors (16384K)
 Metaspace       used 79988K, capacity 80989K, committed 81236K, reserved 1122304K
  class space    used 8568K, capacity 8969K, committed 9088K, reserved 1048576K
}
Event: 19.051 GC heap before
{Heap before GC invocations=14 (full 0):
 garbage-first heap   total 312320K, used 211719K [0x0000000702000000, 0x0000000800000000)
  region size 1024K, 123 young (125952K), 16 survivors (16384K)
 Metaspace       used 80958K, capacity 81916K, committed 82004K, reserved 1122304K
  class space    used 8623K, capacity 9020K, committed 9088K, reserved 1048576K
}
Event: 19.093 GC heap after
{Heap after GC invocations=15 (full 0):
 garbage-first heap   total 379904K, used 142254K [0x0000000702000000, 0x0000000800000000)
  region size 1024K, 16 young (16384K), 16 survivors (16384K)
 Metaspace       used 80958K, capacity 81916K, committed 82004K, reserved 1122304K
  class space    used 8623K, capacity 9020K, committed 9088K, reserved 1048576K
}

Deoptimization events (20 events):
Event: 19.196 Thread 0x000001e31c63e800 Uncommon trap: trap_request=0xffffffc6 fr.pc=0x000001e328113034 relative=0x0000000000000774
Event: 19.196 Thread 0x000001e31c63e800 Uncommon trap: reason=bimorphic_or_optimized_type_check action=maybe_recompile pc=0x000001e328113034 method=org.jetbrains.kotlin.resolve.descriptorUtil.DescriptorUtilsKt.getAnnotationClass(Lorg/jetbrains/kotlin/descriptors/annotations/AnnotationDescriptor
Event: 19.196 Thread 0x000001e31c63e800 DEOPT PACKING pc=0x000001e328113034 sp=0x00000094025fa260
Event: 19.196 Thread 0x000001e31c63e800 DEOPT UNPACKING pc=0x000001e3201ba1af sp=0x00000094025fa1a8 mode 2
Event: 19.196 Thread 0x000001e31c63e800 Uncommon trap: trap_request=0xffffffc6 fr.pc=0x000001e328113034 relative=0x0000000000000774
Event: 19.196 Thread 0x000001e31c63e800 Uncommon trap: reason=bimorphic_or_optimized_type_check action=maybe_recompile pc=0x000001e328113034 method=org.jetbrains.kotlin.resolve.descriptorUtil.DescriptorUtilsKt.getAnnotationClass(Lorg/jetbrains/kotlin/descriptors/annotations/AnnotationDescriptor
Event: 19.196 Thread 0x000001e31c63e800 DEOPT PACKING pc=0x000001e328113034 sp=0x00000094025fa260
Event: 19.197 Thread 0x000001e31c63e800 DEOPT UNPACKING pc=0x000001e3201ba1af sp=0x00000094025fa1a8 mode 2
Event: 19.197 Thread 0x000001e31c63e800 Uncommon trap: trap_request=0xffffffc6 fr.pc=0x000001e328113034 relative=0x0000000000000774
Event: 19.197 Thread 0x000001e31c63e800 Uncommon trap: reason=bimorphic_or_optimized_type_check action=maybe_recompile pc=0x000001e328113034 method=org.jetbrains.kotlin.resolve.descriptorUtil.DescriptorUtilsKt.getAnnotationClass(Lorg/jetbrains/kotlin/descriptors/annotations/AnnotationDescriptor
Event: 19.197 Thread 0x000001e31c63e800 DEOPT PACKING pc=0x000001e328113034 sp=0x00000094025f8dd0
Event: 19.197 Thread 0x000001e31c63e800 DEOPT UNPACKING pc=0x000001e3201ba1af sp=0x00000094025f8d18 mode 2
Event: 19.197 Thread 0x000001e31c63e800 Uncommon trap: trap_request=0xffffffc6 fr.pc=0x000001e328113034 relative=0x0000000000000774
Event: 19.197 Thread 0x000001e31c63e800 Uncommon trap: reason=bimorphic_or_optimized_type_check action=maybe_recompile pc=0x000001e328113034 method=org.jetbrains.kotlin.resolve.descriptorUtil.DescriptorUtilsKt.getAnnotationClass(Lorg/jetbrains/kotlin/descriptors/annotations/AnnotationDescriptor
Event: 19.197 Thread 0x000001e31c63e800 DEOPT PACKING pc=0x000001e328113034 sp=0x00000094025f8dd0
Event: 19.197 Thread 0x000001e31c63e800 DEOPT UNPACKING pc=0x000001e3201ba1af sp=0x00000094025f8d18 mode 2
Event: 19.198 Thread 0x000001e31c63e800 Uncommon trap: trap_request=0xffffffc6 fr.pc=0x000001e3280e6868 relative=0x00000000000001a8
Event: 19.198 Thread 0x000001e31c63e800 Uncommon trap: reason=bimorphic_or_optimized_type_check action=maybe_recompile pc=0x000001e3280e6868 method=org.jetbrains.kotlin.resolve.descriptorUtil.DescriptorUtilsKt.getAnnotationClass(Lorg/jetbrains/kotlin/descriptors/annotations/AnnotationDescriptor
Event: 19.198 Thread 0x000001e31c63e800 DEOPT PACKING pc=0x000001e3280e6868 sp=0x00000094025f78e0
Event: 19.198 Thread 0x000001e31c63e800 DEOPT UNPACKING pc=0x000001e3201ba1af sp=0x00000094025f7878 mode 2

Classes redefined (0 events):
No events

Internal exceptions (20 events):
Event: 9.211 Thread 0x000001e31c63e800 Implicit null exception at 0x000001e3280c9774 to 0x000001e3280c9d7c
Event: 9.982 Thread 0x000001e31c63e800 Exception <a 'java/lang/NoSuchMethodError'{0x000000070fe0e0b8}: 'java.lang.Object java.lang.invoke.Invokers$Holder.linkToTargetMethod(java.lang.Object, java.lang.Object, java.lang.Object, int, int, java.lang.Object)'> (0x000000070fe0e0b8) thrown at [src/hotspot/share/interpreter/linkResolver.cpp, line 773]
Event: 11.234 Thread 0x000001e31c63e800 Implicit null exception at 0x000001e3280d51b8 to 0x000001e3280d527d
Event: 14.544 Thread 0x000001e31c63e800 Implicit null exception at 0x000001e327ca24f5 to 0x000001e327ca26e4
Event: 15.190 Thread 0x000001e31c63e800 Implicit null exception at 0x000001e328203233 to 0x000001e328203360
Event: 15.223 Thread 0x000001e31c63e800 Exception <a 'java/lang/NoSuchMethodError'{0x00000007115a9788}: 'java.lang.Object java.lang.invoke.DirectMethodHandle$Holder.invokeStaticInit(java.lang.Object, java.lang.Object, java.lang.Object, java.lang.Object)'> (0x00000007115a9788) thrown at [src/hotspot/share/interpreter/linkResolver.cpp, line 773]
Event: 15.359 Thread 0x000001e31c63e800 Exception <a 'java/lang/NoSuchMethodError'{0x0000000710c9d0f0}: 'int java.lang.invoke.DirectMethodHandle$Holder.invokeStaticInit(java.lang.Object, java.lang.Object, java.lang.Object, java.lang.Object)'> (0x0000000710c9d0f0) thrown at [src/hotspot/share/interpreter/linkResolver.cpp, line 773]
Event: 15.396 Thread 0x000001e31c63e800 Exception <a 'java/lang/NoSuchMethodError'{0x0000000710956d98}: 'java.lang.Object java.lang.invoke.DirectMethodHandle$Holder.invokeStatic(java.lang.Object, java.lang.Object, java.lang.Object, int, int, java.lang.Object, java.lang.Object, java.lang.Object)'> (0x0000000710956d98) thrown at [src/hotspot/share/interpreter/linkResolver.cpp, line 773]
Event: 15.397 Thread 0x000001e31c63e800 Exception <a 'java/lang/NoSuchMethodError'{0x0000000710961318}: 'java.lang.Object java.lang.invoke.DirectMethodHandle$Holder.invokeStatic(java.lang.Object, java.lang.Object, java.lang.Object, int, int)'> (0x0000000710961318) thrown at [src/hotspot/share/interpreter/linkResolver.cpp, line 773]
Event: 15.397 Thread 0x000001e31c63e800 Exception <a 'java/lang/NoSuchMethodError'{0x0000000710964af8}: 'java.lang.Object java.lang.invoke.DirectMethodHandle$Holder.invokeSpecial(java.lang.Object, java.lang.Object, java.lang.Object, java.lang.Object, int, int)'> (0x0000000710964af8) thrown at [src/hotspot/share/interpreter/linkResolver.cpp, line 773]
Event: 15.397 Thread 0x000001e31c63e800 Exception <a 'java/lang/NoSuchMethodError'{0x0000000710967c00}: 'java.lang.Object java.lang.invoke.Invokers$Holder.linkToTargetMethod(java.lang.Object, java.lang.Object, int, int, java.lang.Object)'> (0x0000000710967c00) thrown at [src/hotspot/share/interpreter/linkResolver.cpp, line 773]
Event: 15.408 Thread 0x000001e31c63e800 Exception <a 'java/lang/NoSuchMethodError'{0x00000007109cf6f8}: 'java.lang.Object java.lang.invoke.DirectMethodHandle$Holder.invokeStatic(java.lang.Object, java.lang.Object, java.lang.Object, int, int, java.lang.Object, java.lang.Object)'> (0x00000007109cf6f8) thrown at [src/hotspot/share/interpreter/linkResolver.cpp, line 773]
Event: 15.408 Thread 0x000001e31c63e800 Exception <a 'java/lang/NoSuchMethodError'{0x00000007109d3370}: 'java.lang.Object java.lang.invoke.DirectMethodHandle$Holder.invokeSpecial(java.lang.Object, java.lang.Object, java.lang.Object, java.lang.Object, int, int, java.lang.Object, java.lang.Object)'> (0x00000007109d3370) thrown at [src/hotspot/share/interpreter/linkResolver.cpp, line 773]
Event: 15.408 Thread 0x000001e31c63e800 Exception <a 'java/lang/NoSuchMethodError'{0x00000007109d6780}: 'java.lang.Object java.lang.invoke.Invokers$Holder.linkToTargetMethod(java.lang.Object, java.lang.Object, int, int, java.lang.Object, java.lang.Object, java.lang.Object)'> (0x00000007109d6780) thrown at [src/hotspot/share/interpreter/linkResolver.cpp, line 773]
Event: 15.414 Thread 0x000001e31c63e800 Exception <a 'java/lang/NoSuchMethodError'{0x000000071080f2e8}: 'java.lang.Object java.lang.invoke.DirectMethodHandle$Holder.invokeStatic(java.lang.Object, java.lang.Object, java.lang.Object, int, int, java.lang.Object, java.lang.Object, java.lang.Object, java.lang.Object)'> (0x000000071080f2e8) thrown at [src/hotspot/share/interpreter/linkResolver.cpp, line 773]
Event: 15.419 Thread 0x000001e31c63e800 Exception <a 'java/lang/NoSuchMethodError'{0x0000000710848e40}: 'java.lang.Object java.lang.invoke.DirectMethodHandle$Holder.invokeSpecial(java.lang.Object, java.lang.Object, int, int, java.lang.Object, java.lang.Object, java.lang.Object, java.lang.Object, java.lang.Object)'> (0x0000000710848e40) thrown at [src/hotspot/share/interpreter/linkResolver.cpp, line 773]
Event: 15.647 Thread 0x000001e31c63e800 Exception <a 'java/lang/NoSuchMethodError'{0x000000070fd1e5c8}: 'java.lang.Object java.lang.invoke.DirectMethodHandle$Holder.invokeStatic(java.lang.Object, java.lang.Object, int, int, java.lang.Object, java.lang.Object, java.lang.Object)'> (0x000000070fd1e5c8) thrown at [src/hotspot/share/interpreter/linkResolver.cpp, line 773]
Event: 15.648 Thread 0x000001e31c63e800 Exception <a 'java/lang/NoSuchMethodError'{0x000000070fd22178}: 'java.lang.Object java.lang.invoke.DirectMethodHandle$Holder.invokeSpecial(java.lang.Object, java.lang.Object, java.lang.Object, int, int, java.lang.Object, java.lang.Object, java.lang.Object)'> (0x000000070fd22178) thrown at [src/hotspot/share/interpreter/linkResolver.cpp, line 773]
Event: 19.167 Thread 0x000001e31c63e800 Implicit null exception at 0x000001e3284e9b5b to 0x000001e3284ea3f8
Event: 19.171 Thread 0x000001e31c63e800 Implicit null exception at 0x000001e3284e708b to 0x000001e3284e79b0

Events (20 events):
Event: 19.251 Thread 0x000001e33c041000 flushing nmethod 0x000001e321b7c990
Event: 19.251 Thread 0x000001e33c041000 flushing nmethod 0x000001e321be7410
Event: 19.251 Thread 0x000001e33c041000 flushing nmethod 0x000001e321be8890
Event: 19.252 Thread 0x000001e33c041000 flushing nmethod 0x000001e321c0a990
Event: 19.253 Thread 0x000001e33c041000 flushing nmethod 0x000001e321ca1690
Event: 19.253 Thread 0x000001e33c041000 flushing nmethod 0x000001e321ca2990
Event: 19.254 Thread 0x000001e33c041000 flushing nmethod 0x000001e321ce4b10
Event: 19.254 Thread 0x000001e33c041000 flushing nmethod 0x000001e321ceb710
Event: 19.254 Thread 0x000001e33c041000 flushing nmethod 0x000001e321d5d710
Event: 19.254 Thread 0x000001e33c041000 flushing nmethod 0x000001e321d62410
Event: 19.256 Thread 0x000001e33c041000 flushing nmethod 0x000001e321e69190
Event: 19.256 Thread 0x000001e33c041000 flushing nmethod 0x000001e321e93c10
Event: 19.257 Thread 0x000001e33c041000 flushing nmethod 0x000001e321eb2990
Event: 19.257 Thread 0x000001e33c041000 flushing nmethod 0x000001e321eb2d10
Event: 19.257 Thread 0x000001e33c041000 flushing nmethod 0x000001e321eb3510
Event: 19.257 Thread 0x000001e33c041000 flushing nmethod 0x000001e321eb4710
Event: 19.257 Thread 0x000001e33c041000 flushing nmethod 0x000001e321ef9e90
Event: 19.257 Thread 0x000001e33c041000 flushing nmethod 0x000001e321f3bd10
Event: 19.257 Thread 0x000001e33c041000 flushing nmethod 0x000001e321fba010
Event: 19.259 Thread 0x000001e33c041000 flushing nmethod 0x000001e3221dbc90


Dynamic libraries:
0x00007ff64c220000 - 0x00007ff64c22a000 	D:\Android\Android Studio\jbr\bin\java.exe
0x00007ffe36150000 - 0x00007ffe36347000 	C:\Windows\SYSTEM32\ntdll.dll
0x00007ffe341b0000 - 0x00007ffe3426d000 	C:\Windows\System32\KERNEL32.DLL
0x00007ffe33eb0000 - 0x00007ffe341a6000 	C:\Windows\System32\KERNELBASE.dll
0x00007ffe339b0000 - 0x00007ffe33ab0000 	C:\Windows\System32\ucrtbase.dll
0x00007ffe005c0000 - 0x00007ffe005d7000 	D:\Android\Android Studio\jbr\bin\jli.dll
0x00007ffe005e0000 - 0x00007ffe005fb000 	D:\Android\Android Studio\jbr\bin\VCRUNTIME140.dll
0x00007ffe347a0000 - 0x00007ffe3493e000 	C:\Windows\System32\USER32.dll
0x00007ffe33950000 - 0x00007ffe33972000 	C:\Windows\System32\win32u.dll
0x00007ffe32bb0000 - 0x00007ffe32e4a000 	C:\Windows\WinSxS\amd64_microsoft.windows.common-controls_6595b64144ccf1df_6.0.19041.3570_none_60bb2a3971f3e41a\COMCTL32.dll
0x00007ffe360e0000 - 0x00007ffe3610c000 	C:\Windows\System32\GDI32.dll
0x00007ffe34390000 - 0x00007ffe3442e000 	C:\Windows\System32\msvcrt.dll
0x00007ffe33830000 - 0x00007ffe3394a000 	C:\Windows\System32\gdi32full.dll
0x00007ffe33c20000 - 0x00007ffe33cbd000 	C:\Windows\System32\msvcp_win.dll
0x00007ffe34360000 - 0x00007ffe34390000 	C:\Windows\System32\IMM32.DLL
0x00007ffe15870000 - 0x00007ffe1587c000 	D:\Android\Android Studio\jbr\bin\vcruntime140_1.dll
0x00007ffdd5ee0000 - 0x00007ffdd5f6d000 	D:\Android\Android Studio\jbr\bin\msvcp140.dll
0x00007ffdb6c40000 - 0x00007ffdb77fc000 	D:\Android\Android Studio\jbr\bin\server\jvm.dll
0x00007ffe34e20000 - 0x00007ffe34ece000 	C:\Windows\System32\ADVAPI32.dll
0x00007ffe34430000 - 0x00007ffe344cc000 	C:\Windows\System32\sechost.dll
0x00007ffe35fb0000 - 0x00007ffe360d6000 	C:\Windows\System32\RPCRT4.dll
0x00007ffe35b70000 - 0x00007ffe35b78000 	C:\Windows\System32\PSAPI.DLL
0x00007ffe203e0000 - 0x00007ffe203e9000 	C:\Windows\SYSTEM32\WSOCK32.dll
0x00007ffe30360000 - 0x00007ffe3036a000 	C:\Windows\SYSTEM32\VERSION.dll
0x00007ffe26c40000 - 0x00007ffe26c67000 	C:\Windows\SYSTEM32\WINMM.dll
0x00007ffe35e10000 - 0x00007ffe35e7b000 	C:\Windows\System32\WS2_32.dll
0x00007ffe319f0000 - 0x00007ffe31a02000 	C:\Windows\SYSTEM32\kernel.appcore.dll
0x00007ffe2d010000 - 0x00007ffe2d020000 	D:\Android\Android Studio\jbr\bin\verify.dll
0x00007ffe33140000 - 0x00007ffe33324000 	C:\Windows\SYSTEM32\DBGHELP.DLL
0x00007ffe32f60000 - 0x00007ffe32f94000 	C:\Windows\SYSTEM32\dbgcore.DLL
0x00007ffe33cc0000 - 0x00007ffe33d42000 	C:\Windows\System32\bcryptPrimitives.dll
0x00007ffe1d7a0000 - 0x00007ffe1d7c8000 	D:\Android\Android Studio\jbr\bin\java.dll
0x00007ffe1eb50000 - 0x00007ffe1eb5a000 	D:\Android\Android Studio\jbr\bin\jimage.dll
0x00007ffe1e1e0000 - 0x00007ffe1e1f8000 	D:\Android\Android Studio\jbr\bin\zip.dll
0x00007ffe35400000 - 0x00007ffe35b44000 	C:\Windows\System32\SHELL32.dll
0x00007ffe31240000 - 0x00007ffe319db000 	C:\Windows\SYSTEM32\windows.storage.dll
0x00007ffe349f0000 - 0x00007ffe34d44000 	C:\Windows\System32\combase.dll
0x00007ffe32b10000 - 0x00007ffe32b3d000 	C:\Windows\SYSTEM32\Wldp.dll
0x00007ffe346f0000 - 0x00007ffe3479d000 	C:\Windows\System32\SHCORE.dll
0x00007ffe34ed0000 - 0x00007ffe34f25000 	C:\Windows\System32\shlwapi.dll
0x00007ffe33760000 - 0x00007ffe33785000 	C:\Windows\SYSTEM32\profapi.dll
0x00007ffe13f70000 - 0x00007ffe13f89000 	D:\Android\Android Studio\jbr\bin\net.dll
0x00007ffe2ae70000 - 0x00007ffe2af7a000 	C:\Windows\SYSTEM32\WINHTTP.dll
0x00007ffe329e0000 - 0x00007ffe32a4a000 	C:\Windows\system32\mswsock.dll
0x00007ffe13f50000 - 0x00007ffe13f63000 	D:\Android\Android Studio\jbr\bin\nio.dll

dbghelp: loaded successfully - version: 4.0.5 - missing functions: none
symbol engine: initialized successfully - sym options: 0x614 - pdb path: .;D:\Android\Android Studio\jbr\bin;C:\Windows\SYSTEM32;C:\Windows\WinSxS\amd64_microsoft.windows.common-controls_6595b64144ccf1df_6.0.19041.3570_none_60bb2a3971f3e41a;D:\Android\Android Studio\jbr\bin\server

VM Arguments:
java_command: org.jetbrains.kotlin.cli.jvm.K2JVMCompiler @C:\Users\anton\AndroidStudioProjects\CurrentWeather\app\build\20231016_15099950138683257612.compiler.options
java_class_path (initial): C:\Users\anton\.gradle\caches\modules-2\files-2.1\org.jetbrains.kotlin\kotlin-compiler-embeddable\1.7.0\4d09852239f61842072b40b524882fa3caaed371\kotlin-compiler-embeddable-1.7.0.jar;C:\Users\anton\.gradle\caches\modules-2\files-2.1\org.jetbrains.kotlin\kotlin-reflect\1.7.0\e660b0079fdaf744dc9cc7f6f3aa3c761ec839b0\kotlin-reflect-1.7.0.jar;C:\Users\anton\.gradle\caches\modules-2\files-2.1\org.jetbrains.kotlin\kotlin-stdlib\1.7.0\a5f42c684ad9003160ef0d0f693ecf0ba7b13549\kotlin-stdlib-1.7.0.jar;C:\Users\anton\.gradle\caches\modules-2\files-2.1\org.jetbrains.kotlin\kotlin-script-runtime\1.7.0\3acea1d447587e61bc3e1b3ed6227d9e9ed4ddf1\kotlin-script-runtime-1.7.0.jar;C:\Users\anton\.gradle\caches\modules-2\files-2.1\org.jetbrains.kotlin\kotlin-daemon-embeddable\1.7.0\fd56798de80825c673ac93808284c5198ffa2b50\kotlin-daemon-embeddable-1.7.0.jar;C:\Users\anton\.gradle\caches\modules-2\files-2.1\org.jetbrains.intellij.deps\trove4j\1.0.20200330\3afb14d5f9ceb459d724e907a21145e8ff394f02\trove4j-1.0.20200330.jar;C:\Users\anton\.gradle\caches\modules-2\files-2.1\net.java.dev.jna\jna\5.6.0\330f2244e9030119ab3030fc3fededc86713d9cc\jna-5.6.0.jar;C:\Users\anton\.gradle\caches\modules-2\files-2.1\org.jetbrains.kotlin\kotlin-stdlib-common\1.7.0\51736992f422993a1e741051bdf3c12801bc1ca1\kotlin-stdlib-common-1.7.0.jar;C:\Users\anton\.gradle\caches\modules-2\files-2.1\org.jetbrains\annotations\13.0\919f0dfe192fb4e063e7dacadee7f8bb9a2672a9\annotations-13.0.jar
Launcher Type: SUN_STANDARD

[Global flags]
     intx CICompilerCount                          = 4                                         {product} {ergonomic}
     uint ConcGCThreads                            = 2                                         {product} {ergonomic}
     uint G1ConcRefinementThreads                  = 8                                         {product} {ergonomic}
   size_t G1HeapRegionSize                         = 1048576                                   {product} {ergonomic}
    uintx GCDrainStackTargetSize                   = 64                                        {product} {ergonomic}
   size_t InitialHeapSize                          = 266338304                                 {product} {ergonomic}
   size_t MarkStackSize                            = 4194304                                   {product} {ergonomic}
   size_t MaxHeapSize                              = 4261412864                                {product} {ergonomic}
   size_t MaxNewSize                               = 2556428288                                {product} {ergonomic}
   size_t MinHeapDeltaBytes                        = 1048576                                   {product} {ergonomic}
    uintx NonNMethodCodeHeapSize                   = 5836300                                {pd product} {ergonomic}
    uintx NonProfiledCodeHeapSize                  = 122910970                              {pd product} {ergonomic}
    uintx ProfiledCodeHeapSize                     = 122910970                              {pd product} {ergonomic}
    uintx ReservedCodeCacheSize                    = 251658240                              {pd product} {ergonomic}
     bool SegmentedCodeCache                       = true                                      {product} {ergonomic}
     bool UseCompressedClassPointers               = true                                 {lp64_product} {ergonomic}
     bool UseCompressedOops                        = true                                 {lp64_product} {ergonomic}
     bool UseG1GC                                  = true                                      {product} {ergonomic}
     bool UseLargePagesIndividualAllocation        = false                                  {pd product} {ergonomic}

Logging:
Log output configuration:
 #0: stdout all=warning uptime,level,tags
 #1: stderr all=off uptime,level,tags

Environment Variables:
PATH=C:\Windows\system32;C:\Windows;C:\Windows\System32\Wbem;C:\Windows\System32\WindowsPowerShell\v1.0\;C:\Windows\System32\OpenSSH\;C:\Program Files (x86)\NVIDIA Corporation\PhysX\Common;C:\Program Files\NVIDIA Corporation\NVIDIA NvDLISR;C:\Program Files\Git\cmd;C:\Users\anton\AppData\Local\Microsoft\WindowsApps;
USERNAME=anton
OS=Windows_NT
PROCESSOR_IDENTIFIER=Intel64 Family 6 Model 158 Stepping 9, GenuineIntel



---------------  S Y S T E M  ---------------

OS: Windows 10 , 64 bit Build 19041 (10.0.19041.3570)
OS uptime: 0 days 10:09 hours

CPU:total 8 (initial active 8) (4 cores per cpu, 2 threads per core) family 6 model 158 stepping 9 microcode 0xb4, cmov, cx8, fxsr, mmx, sse, sse2, sse3, ssse3, sse4.1, sse4.2, popcnt, avx, avx2, aes, clmul, erms, 3dnowpref, lzcnt, ht, tsc, tscinvbit, bmi1, bmi2, adx, fma

Memory: 4k page, system-wide physical 16250M (3529M free)
TotalPageFile size 29787M (AvailPageFile size 5M)
current process WorkingSet (physical memory assigned to process): 587M, peak: 587M
current process commit charge ("private bytes"): 681M, peak: 683M

vm_info: OpenJDK 64-Bit Server VM (11.0.15+0-b2043.56-9505619) for windows-amd64 JRE (11.0.15+0-b2043.56-9505619), built on Jan 19 2023 02:48:00 by "builduser" with unknown MS VC++:1929

END.
